<?xml version="1.0" encoding="UTF-8"?>
<coverage generated="1742588334655" clover="3.2.0">
  <project timestamp="1742588334655" name="All files">
    <metrics statements="51" coveredstatements="44" conditionals="28" coveredconditionals="20" methods="5" coveredmethods="4" elements="84" coveredelements="68" complexity="0" loc="51" ncloc="51" packages="1" files="1" classes="1"/>
    <file name="server.js" path="/home/nyi/CPEN321Project/Backend/rasa_api/server.js">
      <metrics statements="51" coveredstatements="44" conditionals="28" coveredconditionals="20" methods="5" coveredmethods="4"/>
      <line num="1" count="1" type="stmt"/>
      <line num="2" count="1" type="stmt"/>
      <line num="3" count="1" type="stmt"/>
      <line num="4" count="1" type="stmt"/>
      <line num="5" count="1" type="stmt"/>
      <line num="6" count="1" type="stmt"/>
      <line num="8" count="1" type="stmt"/>
      <line num="9" count="1" type="stmt"/>
      <line num="10" count="1" type="stmt"/>
      <line num="12" count="1" type="stmt"/>
      <line num="14" count="1" type="stmt"/>
      <line num="15" count="1" type="stmt"/>
      <line num="16" count="1" type="cond" truecount="1" falsecount="1"/>
      <line num="17" count="0" type="stmt"/>
      <line num="18" count="0" type="stmt"/>
      <line num="25" count="0" type="stmt"/>
      <line num="26" count="0" type="stmt"/>
      <line num="30" count="1" type="cond" truecount="1" falsecount="1"/>
      <line num="31" count="1" type="cond" truecount="1" falsecount="1"/>
      <line num="34" count="1" type="stmt"/>
      <line num="35" count="4" type="stmt"/>
      <line num="36" count="4" type="stmt"/>
      <line num="38" count="4" type="cond" truecount="4" falsecount="0"/>
      <line num="39" count="1" type="stmt"/>
      <line num="42" count="3" type="stmt"/>
      <line num="44" count="3" type="stmt"/>
      <line num="50" count="2" type="stmt"/>
      <line num="52" count="1" type="cond" truecount="3" falsecount="1"/>
      <line num="53" count="0" type="stmt"/>
      <line num="55" count="1" type="stmt"/>
      <line num="56" count="1" type="stmt"/>
      <line num="60" count="2" type="cond" truecount="2" falsecount="0"/>
      <line num="61" count="2" type="stmt"/>
      <line num="66" count="1" type="stmt"/>
      <line num="67" count="4" type="stmt"/>
      <line num="68" count="4" type="stmt"/>
      <line num="70" count="4" type="cond" truecount="2" falsecount="0"/>
      <line num="71" count="1" type="stmt"/>
      <line num="74" count="3" type="stmt"/>
      <line num="75" count="2" type="stmt"/>
      <line num="77" count="2" type="cond" truecount="2" falsecount="0"/>
      <line num="78" count="2" type="stmt"/>
      <line num="83" count="1" type="stmt"/>
      <line num="84" count="1" type="stmt"/>
      <line num="88" count="1" type="cond" truecount="1" falsecount="1"/>
      <line num="90" count="1" type="cond" truecount="2" falsecount="2"/>
      <line num="91" count="1" type="stmt"/>
      <line num="92" count="1" type="cond" truecount="1" falsecount="1"/>
      <line num="95" count="0" type="stmt"/>
      <line num="96" count="0" type="stmt"/>
      <line num="100" count="1" type="stmt"/>
    </file>
  </project>
</coverage>
