{"/home/nyi/CPEN321Project/Backend/rasa_api/server.js": {"path":"/home/nyi/CPEN321Project/Backend/rasa_api/server.js","statementMap":{"0":{"start":{"line":1,"column":0},"end":{"line":1,"column":27}},"1":{"start":{"line":2,"column":16},"end":{"line":2,"column":34}},"2":{"start":{"line":3,"column":14},"end":{"line":3,"column":30}},"3":{"start":{"line":4,"column":13},"end":{"line":4,"column":28}},"4":{"start":{"line":5,"column":11},"end":{"line":5,"column":24}},"5":{"start":{"line":6,"column":14},"end":{"line":6,"column":30}},"6":{"start":{"line":8,"column":12},"end":{"line":8,"column":21}},"7":{"start":{"line":9,"column":0},"end":{"line":9,"column":24}},"8":{"start":{"line":10,"column":0},"end":{"line":10,"column":16}},"9":{"start":{"line":12,"column":18},"end":{"line":12,"column":49}},"10":{"start":{"line":14,"column":14},"end":{"line":14,"column":16}},"11":{"start":{"line":15,"column":15},"end":{"line":15,"column":19}},"12":{"start":{"line":16,"column":0},"end":{"line":28,"column":1}},"13":{"start":{"line":17,"column":4},"end":{"line":27,"column":5}},"14":{"start":{"line":18,"column":8},"end":{"line":23,"column":10}},"15":{"start":{"line":25,"column":8},"end":{"line":25,"column":57}},"16":{"start":{"line":26,"column":8},"end":{"line":26,"column":25}},"17":{"start":{"line":30,"column":24},"end":{"line":30,"column":132}},"18":{"start":{"line":31,"column":26},"end":{"line":31,"column":122}},"19":{"start":{"line":34,"column":0},"end":{"line":69,"column":3}},"20":{"start":{"line":35,"column":4},"end":{"line":68,"column":5}},"21":{"start":{"line":36,"column":46},"end":{"line":36,"column":54}},"22":{"start":{"line":38,"column":8},"end":{"line":40,"column":9}},"23":{"start":{"line":39,"column":12},"end":{"line":39,"column":86}},"24":{"start":{"line":42,"column":8},"end":{"line":42,"column":99}},"25":{"start":{"line":44,"column":25},"end":{"line":48,"column":10}},"26":{"start":{"line":50,"column":43},"end":{"line":50,"column":56}},"27":{"start":{"line":52,"column":8},"end":{"line":63,"column":9}},"28":{"start":{"line":53,"column":30},"end":{"line":53,"column":77}},"29":{"start":{"line":53,"column":52},"end":{"line":53,"column":60}},"30":{"start":{"line":55,"column":12},"end":{"line":59,"column":15}},"31":{"start":{"line":61,"column":12},"end":{"line":61,"column":78}},"32":{"start":{"line":62,"column":12},"end":{"line":62,"column":81}},"33":{"start":{"line":66,"column":8},"end":{"line":66,"column":90}},"34":{"start":{"line":67,"column":8},"end":{"line":67,"column":83}},"35":{"start":{"line":72,"column":0},"end":{"line":86,"column":3}},"36":{"start":{"line":73,"column":4},"end":{"line":85,"column":5}},"37":{"start":{"line":74,"column":44},"end":{"line":74,"column":52}},"38":{"start":{"line":76,"column":8},"end":{"line":78,"column":9}},"39":{"start":{"line":77,"column":12},"end":{"line":77,"column":73}},"40":{"start":{"line":80,"column":25},"end":{"line":80,"column":89}},"41":{"start":{"line":81,"column":8},"end":{"line":81,"column":51}},"42":{"start":{"line":83,"column":8},"end":{"line":83,"column":99}},"43":{"start":{"line":84,"column":8},"end":{"line":84,"column":97}},"44":{"start":{"line":89,"column":0},"end":{"line":91,"column":3}},"45":{"start":{"line":90,"column":4},"end":{"line":90,"column":63}},"46":{"start":{"line":94,"column":13},"end":{"line":94,"column":37}},"47":{"start":{"line":96,"column":0},"end":{"line":104,"column":1}},"48":{"start":{"line":97,"column":4},"end":{"line":99,"column":7}},"49":{"start":{"line":98,"column":8},"end":{"line":98,"column":98}},"50":{"start":{"line":101,"column":4},"end":{"line":103,"column":7}},"51":{"start":{"line":102,"column":8},"end":{"line":102,"column":70}},"52":{"start":{"line":106,"column":0},"end":{"line":106,"column":33}}},"fnMap":{"0":{"name":"(anonymous_0)","decl":{"start":{"line":34,"column":22},"end":{"line":34,"column":23}},"loc":{"start":{"line":34,"column":42},"end":{"line":69,"column":1}},"line":34},"1":{"name":"(anonymous_1)","decl":{"start":{"line":53,"column":43},"end":{"line":53,"column":44}},"loc":{"start":{"line":53,"column":52},"end":{"line":53,"column":60}},"line":53},"2":{"name":"(anonymous_2)","decl":{"start":{"line":72,"column":24},"end":{"line":72,"column":25}},"loc":{"start":{"line":72,"column":44},"end":{"line":86,"column":1}},"line":72},"3":{"name":"(anonymous_3)","decl":{"start":{"line":89,"column":23},"end":{"line":89,"column":24}},"loc":{"start":{"line":89,"column":37},"end":{"line":91,"column":1}},"line":89},"4":{"name":"(anonymous_4)","decl":{"start":{"line":97,"column":30},"end":{"line":97,"column":31}},"loc":{"start":{"line":97,"column":36},"end":{"line":99,"column":5}},"line":97},"5":{"name":"(anonymous_5)","decl":{"start":{"line":101,"column":59},"end":{"line":101,"column":60}},"loc":{"start":{"line":101,"column":65},"end":{"line":103,"column":5}},"line":101}},"branchMap":{"0":{"loc":{"start":{"line":16,"column":0},"end":{"line":28,"column":1}},"type":"if","locations":[{"start":{"line":16,"column":0},"end":{"line":28,"column":1}},{"start":{},"end":{}}],"line":16},"1":{"loc":{"start":{"line":30,"column":24},"end":{"line":30,"column":132}},"type":"binary-expr","locations":[{"start":{"line":30,"column":24},"end":{"line":30,"column":51}},{"start":{"line":30,"column":55},"end":{"line":30,"column":132}}],"line":30},"2":{"loc":{"start":{"line":31,"column":26},"end":{"line":31,"column":122}},"type":"binary-expr","locations":[{"start":{"line":31,"column":26},"end":{"line":31,"column":55}},{"start":{"line":31,"column":59},"end":{"line":31,"column":122}}],"line":31},"3":{"loc":{"start":{"line":38,"column":8},"end":{"line":40,"column":9}},"type":"if","locations":[{"start":{"line":38,"column":8},"end":{"line":40,"column":9}},{"start":{},"end":{}}],"line":38},"4":{"loc":{"start":{"line":38,"column":12},"end":{"line":38,"column":31}},"type":"binary-expr","locations":[{"start":{"line":38,"column":12},"end":{"line":38,"column":20}},{"start":{"line":38,"column":24},"end":{"line":38,"column":31}}],"line":38},"5":{"loc":{"start":{"line":50,"column":16},"end":{"line":50,"column":29}},"type":"default-arg","locations":[{"start":{"line":50,"column":27},"end":{"line":50,"column":29}}],"line":50},"6":{"loc":{"start":{"line":52,"column":8},"end":{"line":63,"column":9}},"type":"if","locations":[{"start":{"line":52,"column":8},"end":{"line":63,"column":9}},{"start":{"line":60,"column":15},"end":{"line":63,"column":9}}],"line":52},"7":{"loc":{"start":{"line":66,"column":51},"end":{"line":66,"column":88}},"type":"binary-expr","locations":[{"start":{"line":66,"column":51},"end":{"line":66,"column":71}},{"start":{"line":66,"column":75},"end":{"line":66,"column":88}}],"line":66},"8":{"loc":{"start":{"line":76,"column":8},"end":{"line":78,"column":9}},"type":"if","locations":[{"start":{"line":76,"column":8},"end":{"line":78,"column":9}},{"start":{},"end":{}}],"line":76},"9":{"loc":{"start":{"line":83,"column":60},"end":{"line":83,"column":97}},"type":"binary-expr","locations":[{"start":{"line":83,"column":60},"end":{"line":83,"column":80}},{"start":{"line":83,"column":84},"end":{"line":83,"column":97}}],"line":83},"10":{"loc":{"start":{"line":94,"column":13},"end":{"line":94,"column":37}},"type":"binary-expr","locations":[{"start":{"line":94,"column":13},"end":{"line":94,"column":29}},{"start":{"line":94,"column":33},"end":{"line":94,"column":37}}],"line":94},"11":{"loc":{"start":{"line":96,"column":0},"end":{"line":104,"column":1}},"type":"if","locations":[{"start":{"line":96,"column":0},"end":{"line":104,"column":1}},{"start":{"line":100,"column":7},"end":{"line":104,"column":1}}],"line":96},"12":{"loc":{"start":{"line":96,"column":4},"end":{"line":96,"column":26}},"type":"binary-expr","locations":[{"start":{"line":96,"column":4},"end":{"line":96,"column":13}},{"start":{"line":96,"column":17},"end":{"line":96,"column":26}}],"line":96},"13":{"loc":{"start":{"line":98,"column":46},"end":{"line":98,"column":73}},"type":"cond-expr","locations":[{"start":{"line":98,"column":58},"end":{"line":98,"column":64}},{"start":{"line":98,"column":67},"end":{"line":98,"column":73}}],"line":98}},"s":{"0":1,"1":1,"2":1,"3":1,"4":1,"5":1,"6":1,"7":1,"8":1,"9":1,"10":1,"11":1,"12":1,"13":0,"14":0,"15":0,"16":0,"17":1,"18":1,"19":1,"20":4,"21":4,"22":4,"23":1,"24":3,"25":3,"26":2,"27":1,"28":1,"29":2,"30":1,"31":0,"32":0,"33":2,"34":2,"35":1,"36":4,"37":4,"38":4,"39":1,"40":3,"41":2,"42":2,"43":2,"44":1,"45":1,"46":1,"47":1,"48":1,"49":1,"50":0,"51":0,"52":1},"f":{"0":4,"1":2,"2":4,"3":1,"4":1,"5":0},"b":{"0":[0,1],"1":[1,0],"2":[1,0],"3":[1,3],"4":[4,3],"5":[0],"6":[1,0],"7":[2,2],"8":[1,3],"9":[2,2],"10":[1,0],"11":[1,0],"12":[1,0],"13":[1,0]},"_coverageSchema":"1a1c01bbd47fc00a2c39e90264f33305004495a9","hash":"8c9b16bbd158b10630d0b02cf83ef95ba1e91b87"}
}
