{"/home/nyi/CPEN321Project/Backend/rasa_api/server.js": {"path":"/home/nyi/CPEN321Project/Backend/rasa_api/server.js","statementMap":{"0":{"start":{"line":1,"column":0},"end":{"line":1,"column":27}},"1":{"start":{"line":2,"column":16},"end":{"line":2,"column":34}},"2":{"start":{"line":3,"column":14},"end":{"line":3,"column":30}},"3":{"start":{"line":4,"column":13},"end":{"line":4,"column":28}},"4":{"start":{"line":5,"column":11},"end":{"line":5,"column":24}},"5":{"start":{"line":6,"column":14},"end":{"line":6,"column":30}},"6":{"start":{"line":7,"column":15},"end":{"line":7,"column":32}},"7":{"start":{"line":9,"column":12},"end":{"line":9,"column":21}},"8":{"start":{"line":10,"column":0},"end":{"line":10,"column":24}},"9":{"start":{"line":11,"column":0},"end":{"line":11,"column":16}},"10":{"start":{"line":13,"column":18},"end":{"line":13,"column":49}},"11":{"start":{"line":15,"column":14},"end":{"line":15,"column":16}},"12":{"start":{"line":16,"column":15},"end":{"line":16,"column":19}},"13":{"start":{"line":18,"column":0},"end":{"line":30,"column":1}},"14":{"start":{"line":19,"column":4},"end":{"line":29,"column":5}},"15":{"start":{"line":20,"column":8},"end":{"line":25,"column":10}},"16":{"start":{"line":27,"column":8},"end":{"line":27,"column":67}},"17":{"start":{"line":28,"column":8},"end":{"line":28,"column":25}},"18":{"start":{"line":32,"column":24},"end":{"line":32,"column":132}},"19":{"start":{"line":33,"column":26},"end":{"line":33,"column":122}},"20":{"start":{"line":36,"column":0},"end":{"line":69,"column":3}},"21":{"start":{"line":37,"column":4},"end":{"line":68,"column":5}},"22":{"start":{"line":38,"column":46},"end":{"line":38,"column":54}},"23":{"start":{"line":40,"column":8},"end":{"line":42,"column":9}},"24":{"start":{"line":41,"column":12},"end":{"line":41,"column":86}},"25":{"start":{"line":44,"column":8},"end":{"line":44,"column":99}},"26":{"start":{"line":46,"column":25},"end":{"line":46,"column":89}},"27":{"start":{"line":48,"column":43},"end":{"line":48,"column":56}},"28":{"start":{"line":50,"column":8},"end":{"line":61,"column":9}},"29":{"start":{"line":51,"column":30},"end":{"line":51,"column":77}},"30":{"start":{"line":51,"column":52},"end":{"line":51,"column":60}},"31":{"start":{"line":53,"column":12},"end":{"line":57,"column":15}},"32":{"start":{"line":59,"column":12},"end":{"line":59,"column":78}},"33":{"start":{"line":60,"column":12},"end":{"line":60,"column":81}},"34":{"start":{"line":63,"column":8},"end":{"line":63,"column":90}},"35":{"start":{"line":64,"column":8},"end":{"line":67,"column":11}},"36":{"start":{"line":72,"column":0},"end":{"line":90,"column":3}},"37":{"start":{"line":73,"column":4},"end":{"line":89,"column":5}},"38":{"start":{"line":74,"column":44},"end":{"line":74,"column":52}},"39":{"start":{"line":76,"column":8},"end":{"line":78,"column":9}},"40":{"start":{"line":77,"column":12},"end":{"line":77,"column":73}},"41":{"start":{"line":80,"column":25},"end":{"line":80,"column":89}},"42":{"start":{"line":82,"column":8},"end":{"line":82,"column":51}},"43":{"start":{"line":84,"column":8},"end":{"line":84,"column":99}},"44":{"start":{"line":85,"column":8},"end":{"line":88,"column":11}},"45":{"start":{"line":93,"column":0},"end":{"line":95,"column":3}},"46":{"start":{"line":94,"column":4},"end":{"line":94,"column":63}},"47":{"start":{"line":98,"column":13},"end":{"line":98,"column":37}},"48":{"start":{"line":101,"column":0},"end":{"line":109,"column":1}},"49":{"start":{"line":102,"column":4},"end":{"line":104,"column":7}},"50":{"start":{"line":103,"column":8},"end":{"line":103,"column":98}},"51":{"start":{"line":106,"column":4},"end":{"line":108,"column":7}},"52":{"start":{"line":107,"column":8},"end":{"line":107,"column":70}},"53":{"start":{"line":111,"column":0},"end":{"line":111,"column":33}}},"fnMap":{"0":{"name":"(anonymous_0)","decl":{"start":{"line":36,"column":22},"end":{"line":36,"column":23}},"loc":{"start":{"line":36,"column":42},"end":{"line":69,"column":1}},"line":36},"1":{"name":"(anonymous_1)","decl":{"start":{"line":51,"column":43},"end":{"line":51,"column":44}},"loc":{"start":{"line":51,"column":52},"end":{"line":51,"column":60}},"line":51},"2":{"name":"(anonymous_2)","decl":{"start":{"line":72,"column":24},"end":{"line":72,"column":25}},"loc":{"start":{"line":72,"column":44},"end":{"line":90,"column":1}},"line":72},"3":{"name":"(anonymous_3)","decl":{"start":{"line":93,"column":23},"end":{"line":93,"column":24}},"loc":{"start":{"line":93,"column":37},"end":{"line":95,"column":1}},"line":93},"4":{"name":"(anonymous_4)","decl":{"start":{"line":102,"column":30},"end":{"line":102,"column":31}},"loc":{"start":{"line":102,"column":36},"end":{"line":104,"column":5}},"line":102},"5":{"name":"(anonymous_5)","decl":{"start":{"line":106,"column":59},"end":{"line":106,"column":60}},"loc":{"start":{"line":106,"column":65},"end":{"line":108,"column":5}},"line":106}},"branchMap":{"0":{"loc":{"start":{"line":18,"column":0},"end":{"line":30,"column":1}},"type":"if","locations":[{"start":{"line":18,"column":0},"end":{"line":30,"column":1}},{"start":{},"end":{}}],"line":18},"1":{"loc":{"start":{"line":32,"column":24},"end":{"line":32,"column":132}},"type":"binary-expr","locations":[{"start":{"line":32,"column":24},"end":{"line":32,"column":51}},{"start":{"line":32,"column":55},"end":{"line":32,"column":132}}],"line":32},"2":{"loc":{"start":{"line":33,"column":26},"end":{"line":33,"column":122}},"type":"binary-expr","locations":[{"start":{"line":33,"column":26},"end":{"line":33,"column":55}},{"start":{"line":33,"column":59},"end":{"line":33,"column":122}}],"line":33},"3":{"loc":{"start":{"line":40,"column":8},"end":{"line":42,"column":9}},"type":"if","locations":[{"start":{"line":40,"column":8},"end":{"line":42,"column":9}},{"start":{},"end":{}}],"line":40},"4":{"loc":{"start":{"line":40,"column":12},"end":{"line":40,"column":31}},"type":"binary-expr","locations":[{"start":{"line":40,"column":12},"end":{"line":40,"column":20}},{"start":{"line":40,"column":24},"end":{"line":40,"column":31}}],"line":40},"5":{"loc":{"start":{"line":48,"column":16},"end":{"line":48,"column":29}},"type":"default-arg","locations":[{"start":{"line":48,"column":27},"end":{"line":48,"column":29}}],"line":48},"6":{"loc":{"start":{"line":50,"column":8},"end":{"line":61,"column":9}},"type":"if","locations":[{"start":{"line":50,"column":8},"end":{"line":61,"column":9}},{"start":{"line":58,"column":15},"end":{"line":61,"column":9}}],"line":50},"7":{"loc":{"start":{"line":63,"column":51},"end":{"line":63,"column":88}},"type":"binary-expr","locations":[{"start":{"line":63,"column":51},"end":{"line":63,"column":71}},{"start":{"line":63,"column":75},"end":{"line":63,"column":88}}],"line":63},"8":{"loc":{"start":{"line":66,"column":21},"end":{"line":66,"column":58}},"type":"binary-expr","locations":[{"start":{"line":66,"column":21},"end":{"line":66,"column":41}},{"start":{"line":66,"column":45},"end":{"line":66,"column":58}}],"line":66},"9":{"loc":{"start":{"line":76,"column":8},"end":{"line":78,"column":9}},"type":"if","locations":[{"start":{"line":76,"column":8},"end":{"line":78,"column":9}},{"start":{},"end":{}}],"line":76},"10":{"loc":{"start":{"line":84,"column":60},"end":{"line":84,"column":97}},"type":"binary-expr","locations":[{"start":{"line":84,"column":60},"end":{"line":84,"column":80}},{"start":{"line":84,"column":84},"end":{"line":84,"column":97}}],"line":84},"11":{"loc":{"start":{"line":87,"column":21},"end":{"line":87,"column":58}},"type":"binary-expr","locations":[{"start":{"line":87,"column":21},"end":{"line":87,"column":41}},{"start":{"line":87,"column":45},"end":{"line":87,"column":58}}],"line":87},"12":{"loc":{"start":{"line":98,"column":13},"end":{"line":98,"column":37}},"type":"binary-expr","locations":[{"start":{"line":98,"column":13},"end":{"line":98,"column":29}},{"start":{"line":98,"column":33},"end":{"line":98,"column":37}}],"line":98},"13":{"loc":{"start":{"line":101,"column":0},"end":{"line":109,"column":1}},"type":"if","locations":[{"start":{"line":101,"column":0},"end":{"line":109,"column":1}},{"start":{"line":105,"column":7},"end":{"line":109,"column":1}}],"line":101},"14":{"loc":{"start":{"line":101,"column":4},"end":{"line":101,"column":26}},"type":"binary-expr","locations":[{"start":{"line":101,"column":4},"end":{"line":101,"column":13}},{"start":{"line":101,"column":17},"end":{"line":101,"column":26}}],"line":101},"15":{"loc":{"start":{"line":103,"column":46},"end":{"line":103,"column":73}},"type":"cond-expr","locations":[{"start":{"line":103,"column":58},"end":{"line":103,"column":64}},{"start":{"line":103,"column":67},"end":{"line":103,"column":73}}],"line":103}},"s":{"0":1,"1":1,"2":1,"3":1,"4":1,"5":1,"6":1,"7":1,"8":1,"9":1,"10":1,"11":1,"12":1,"13":1,"14":0,"15":0,"16":0,"17":0,"18":1,"19":1,"20":1,"21":4,"22":4,"23":4,"24":1,"25":3,"26":3,"27":2,"28":1,"29":1,"30":2,"31":1,"32":0,"33":0,"34":2,"35":2,"36":1,"37":4,"38":4,"39":4,"40":1,"41":3,"42":2,"43":2,"44":2,"45":1,"46":1,"47":1,"48":1,"49":1,"50":1,"51":0,"52":0,"53":1},"f":{"0":4,"1":2,"2":4,"3":1,"4":1,"5":0},"b":{"0":[0,1],"1":[1,0],"2":[1,0],"3":[1,3],"4":[4,3],"5":[0],"6":[1,0],"7":[2,2],"8":[2,2],"9":[1,3],"10":[2,2],"11":[2,2],"12":[1,0],"13":[1,0],"14":[1,0],"15":[1,0]},"_coverageSchema":"1a1c01bbd47fc00a2c39e90264f33305004495a9","hash":"29021d9c9c0d6371e3de283337a351d73b527652"}
}
