TN:
SF:server.js
FN:33,(anonymous_0)
FN:59,(anonymous_1)
FN:76,(anonymous_2)
FN:84,(anonymous_3)
FN:88,(anonymous_4)
FNF:5
FNH:4
FNDA:4,(anonymous_0)
FNDA:4,(anonymous_1)
FNDA:1,(anonymous_2)
FNDA:1,(anonymous_3)
FNDA:0,(anonymous_4)
DA:1,1
DA:2,1
DA:3,1
DA:4,1
DA:5,1
DA:6,1
DA:8,1
DA:9,1
DA:10,1
DA:11,1
DA:13,1
DA:14,1
DA:15,1
DA:16,0
DA:17,0
DA:24,0
DA:25,0
DA:30,1
DA:31,1
DA:33,1
DA:34,4
DA:35,4
DA:37,4
DA:38,2
DA:41,2
DA:42,2
DA:44,1
DA:47,1
DA:48,1
DA:50,0
DA:53,1
DA:54,1
DA:59,1
DA:60,4
DA:61,4
DA:63,4
DA:64,1
DA:67,3
DA:68,2
DA:70,2
DA:71,2
DA:76,1
DA:77,1
DA:81,1
DA:83,1
DA:84,1
DA:85,1
DA:88,0
DA:89,0
DA:93,1
LF:50
LH:43
BRDA:15,0,0,0
BRDA:15,0,1,1
BRDA:30,1,0,1
BRDA:30,1,1,0
BRDA:31,2,0,1
BRDA:31,2,1,0
BRDA:37,3,0,2
BRDA:37,3,1,2
BRDA:37,4,0,4
BRDA:37,4,1,2
BRDA:47,5,0,1
BRDA:47,5,1,0
BRDA:47,6,0,1
BRDA:47,6,1,1
BRDA:63,7,0,1
BRDA:63,7,1,3
BRDA:70,8,0,0
BRDA:70,8,1,2
BRDA:81,9,0,1
BRDA:81,9,1,0
BRDA:83,10,0,1
BRDA:83,10,1,0
BRDA:83,11,0,1
BRDA:83,11,1,0
BRDA:85,12,0,1
BRDA:85,12,1,0
BRF:26
BRH:17
end_of_record
