TN:
SF:server.js
FN:33,(anonymous_0)
FN:54,(anonymous_1)
FN:70,(anonymous_2)
FN:80,(anonymous_3)
FN:85,(anonymous_4)
FNF:5
FNH:4
FNDA:3,(anonymous_0)
FNDA:3,(anonymous_1)
FNDA:1,(anonymous_2)
FNDA:1,(anonymous_3)
FNDA:0,(anonymous_4)
DA:1,1
DA:2,1
DA:3,1
DA:4,1
DA:5,1
DA:8,1
DA:9,1
DA:10,1
DA:13,1
DA:14,1
DA:16,1
DA:17,1
DA:24,1
DA:25,1
DA:29,1
DA:30,1
DA:33,1
DA:34,3
DA:35,3
DA:37,3
DA:38,1
DA:41,2
DA:43,1
DA:44,1
DA:46,0
DA:49,1
DA:54,1
DA:55,3
DA:56,3
DA:58,3
DA:59,1
DA:62,2
DA:63,1
DA:65,1
DA:70,1
DA:71,1
DA:75,1
DA:78,1
DA:80,1
DA:81,1
DA:85,0
DA:86,0
DA:90,1
LF:43
LH:40
BRDA:29,0,0,1
BRDA:29,0,1,1
BRDA:30,1,0,1
BRDA:30,1,1,1
BRDA:37,2,0,1
BRDA:37,2,1,2
BRDA:37,3,0,3
BRDA:37,3,1,2
BRDA:43,4,0,1
BRDA:43,4,1,0
BRDA:43,5,0,1
BRDA:43,5,1,1
BRDA:58,6,0,1
BRDA:58,6,1,2
BRDA:75,7,0,1
BRDA:75,7,1,1
BRDA:78,8,0,1
BRDA:78,8,1,0
BRF:18
BRH:16
end_of_record
