{"/home/nyi/CPEN321Project/Backend/index.ts": {"path":"/home/nyi/CPEN321Project/Backend/index.ts","statementMap":{"0":{"start":{"line":232,"column":0},"end":{"line":232,"column":22}},"1":{"start":{"line":282,"column":0},"end":{"line":282,"column":16}},"2":{"start":{"line":1,"column":0},"end":{"line":1,"column":67}},"3":{"start":{"line":2,"column":0},"end":{"line":2,"column":28}},"4":{"start":{"line":3,"column":0},"end":{"line":3,"column":16}},"5":{"start":{"line":6,"column":0},"end":{"line":6,"column":36}},"6":{"start":{"line":7,"column":0},"end":{"line":7,"column":59}},"7":{"start":{"line":8,"column":0},"end":{"line":8,"column":61}},"8":{"start":{"line":9,"column":0},"end":{"line":9,"column":53}},"9":{"start":{"line":10,"column":0},"end":{"line":10,"column":28}},"10":{"start":{"line":11,"column":0},"end":{"line":11,"column":53}},"11":{"start":{"line":12,"column":0},"end":{"line":12,"column":29}},"12":{"start":{"line":13,"column":0},"end":{"line":13,"column":35}},"13":{"start":{"line":14,"column":0},"end":{"line":14,"column":20}},"14":{"start":{"line":15,"column":0},"end":{"line":15,"column":24}},"15":{"start":{"line":17,"column":21},"end":{"line":17,"column":37}},"16":{"start":{"line":20,"column":12},"end":{"line":20,"column":21}},"17":{"start":{"line":111,"column":9},"end":{"line":111,"column":12}},"18":{"start":{"line":23,"column":0},"end":{"line":23,"column":null}},"19":{"start":{"line":24,"column":0},"end":{"line":24,"column":null}},"20":{"start":{"line":27,"column":0},"end":{"line":32,"column":1}},"21":{"start":{"line":28,"column":27},"end":{"line":28,"column":94}},"22":{"start":{"line":29,"column":2},"end":{"line":31,"column":5}},"23":{"start":{"line":35,"column":21},"end":{"line":42,"column":4}},"24":{"start":{"line":36,"column":4},"end":{"line":41,"column":5}},"25":{"start":{"line":37,"column":6},"end":{"line":37,"column":115}},"26":{"start":{"line":39,"column":6},"end":{"line":39,"column":90}},"27":{"start":{"line":40,"column":6},"end":{"line":40,"column":45}},"28":{"start":{"line":44,"column":0},"end":{"line":46,"column":1}},"29":{"start":{"line":45,"column":4},"end":{"line":45,"column":50}},"30":{"start":{"line":48,"column":0},"end":{"line":48,"column":26}},"31":{"start":{"line":50,"column":15},"end":{"line":50,"column":67}},"32":{"start":{"line":53,"column":0},"end":{"line":81,"column":3}},"33":{"start":{"line":55,"column":34},"end":{"line":61,"column":5}},"34":{"start":{"line":56,"column":23},"end":{"line":56,"column":44}},"35":{"start":{"line":57,"column":8},"end":{"line":59,"column":9}},"36":{"start":{"line":58,"column":12},"end":{"line":58,"column":68}},"37":{"start":{"line":60,"column":8},"end":{"line":60,"column":15}},"38":{"start":{"line":64,"column":29},"end":{"line":71,"column":6}},"39":{"start":{"line":64,"column":87},"end":{"line":71,"column":6}},"40":{"start":{"line":65,"column":8},"end":{"line":70,"column":9}},"41":{"start":{"line":66,"column":12},"end":{"line":66,"column":47}},"42":{"start":{"line":68,"column":12},"end":{"line":68,"column":31}},"43":{"start":{"line":69,"column":12},"end":{"line":69,"column":32}},"44":{"start":{"line":74,"column":5},"end":{"line":80,"column":6}},"45":{"start":{"line":84,"column":0},"end":{"line":86,"column":3}},"46":{"start":{"line":85,"column":4},"end":{"line":85,"column":63}},"47":{"start":{"line":89,"column":0},"end":{"line":91,"column":3}},"48":{"start":{"line":90,"column":4},"end":{"line":90,"column":34}},"49":{"start":{"line":93,"column":0},"end":{"line":93,"column":67}},"50":{"start":{"line":96,"column":0},"end":{"line":109,"column":1}},"51":{"start":{"line":97,"column":4},"end":{"line":108,"column":7}},"52":{"start":{"line":98,"column":6},"end":{"line":98,"column":46}},"53":{"start":{"line":100,"column":6},"end":{"line":102,"column":9}},"54":{"start":{"line":101,"column":8},"end":{"line":101,"column":61}},"55":{"start":{"line":104,"column":6},"end":{"line":104,"column":74}},"56":{"start":{"line":104,"column":29},"end":{"line":104,"column":72}},"57":{"start":{"line":106,"column":6},"end":{"line":106,"column":23}},"58":{"start":{"line":107,"column":6},"end":{"line":107,"column":21}},"59":{"start":{"line":113,"column":0},"end":{"line":113,"column":28}},"60":{"start":{"line":115,"column":33},"end":{"line":117,"column":1}},"61":{"start":{"line":116,"column":4},"end":{"line":116,"column":26}},"62":{"start":{"line":115,"column":13},"end":{"line":115,"column":33}},"63":{"start":{"line":120,"column":36},"end":{"line":122,"column":2}},"64":{"start":{"line":120,"column":56},"end":{"line":122,"column":2}},"65":{"start":{"line":120,"column":13},"end":{"line":120,"column":36}},"66":{"start":{"line":124,"column":13},"end":{"line":124,"column":47}},"67":{"start":{"line":132,"column":0},"end":{"line":168,"column":3}},"68":{"start":{"line":132,"column":50},"end":{"line":168,"column":2}},"69":{"start":{"line":133,"column":4},"end":{"line":167,"column":5}},"70":{"start":{"line":134,"column":25},"end":{"line":134,"column":33}},"71":{"start":{"line":135,"column":6},"end":{"line":135,"column":52}},"72":{"start":{"line":138,"column":23},"end":{"line":138,"column":54}},"73":{"start":{"line":139,"column":6},"end":{"line":139,"column":70}},"74":{"start":{"line":139,"column":25},"end":{"line":139,"column":70}},"75":{"start":{"line":142,"column":27},"end":{"line":144,"column":null}},"76":{"start":{"line":148,"column":28},"end":{"line":154,"column":8}},"77":{"start":{"line":156,"column":6},"end":{"line":162,"column":9}},"78":{"start":{"line":165,"column":6},"end":{"line":165,"column":49}},"79":{"start":{"line":166,"column":6},"end":{"line":166,"column":26}},"80":{"start":{"line":176,"column":0},"end":{"line":197,"column":3}},"81":{"start":{"line":176,"column":92},"end":{"line":197,"column":2}},"82":{"start":{"line":177,"column":16},"end":{"line":177,"column":28}},"83":{"start":{"line":178,"column":4},"end":{"line":178,"column":42}},"84":{"start":{"line":180,"column":4},"end":{"line":196,"column":5}},"85":{"start":{"line":181,"column":8},"end":{"line":189,"column":9}},"86":{"start":{"line":183,"column":38},"end":{"line":183,"column":55}},"87":{"start":{"line":184,"column":16},"end":{"line":184,"column":89}},"88":{"start":{"line":185,"column":16},"end":{"line":185,"column":66}},"89":{"start":{"line":186,"column":16},"end":{"line":186,"column":22}},"90":{"start":{"line":188,"column":16},"end":{"line":188,"column":67}},"91":{"start":{"line":191,"column":8},"end":{"line":191,"column":33}},"92":{"start":{"line":193,"column":8},"end":{"line":194,"column":59}},"93":{"start":{"line":194,"column":12},"end":{"line":194,"column":59}},"94":{"start":{"line":195,"column":8},"end":{"line":195,"column":33}},"95":{"start":{"line":201,"column":19},"end":{"line":201,"column":48}},"96":{"start":{"line":202,"column":25},"end":{"line":202,"column":98}},"97":{"start":{"line":203,"column":4},"end":{"line":227,"column":5}},"98":{"start":{"line":205,"column":35},"end":{"line":207,"column":10}},"99":{"start":{"line":209,"column":8},"end":{"line":209,"column":36}},"100":{"start":{"line":210,"column":8},"end":{"line":226,"column":9}},"101":{"start":{"line":211,"column":27},"end":{"line":213,"column":null}},"102":{"start":{"line":216,"column":12},"end":{"line":218,"column":13}},"103":{"start":{"line":217,"column":16},"end":{"line":217,"column":61}},"104":{"start":{"line":220,"column":12},"end":{"line":220,"column":41}},"105":{"start":{"line":222,"column":12},"end":{"line":224,"column":13}},"106":{"start":{"line":223,"column":16},"end":{"line":223,"column":72}},"107":{"start":{"line":225,"column":12},"end":{"line":225,"column":24}},"108":{"start":{"line":233,"column":4},"end":{"line":278,"column":7}},"109":{"start":{"line":233,"column":52},"end":{"line":278,"column":6}},"110":{"start":{"line":234,"column":8},"end":{"line":234,"column":63}},"111":{"start":{"line":235,"column":8},"end":{"line":277,"column":9}},"112":{"start":{"line":236,"column":12},"end":{"line":236,"column":35}},"113":{"start":{"line":237,"column":23},"end":{"line":237,"column":50}},"114":{"start":{"line":238,"column":36},"end":{"line":238,"column":58}},"115":{"start":{"line":240,"column":24},"end":{"line":240,"column":38}},"116":{"start":{"line":241,"column":27},"end":{"line":241,"column":38}},"117":{"start":{"line":242,"column":28},"end":{"line":242,"column":49}},"118":{"start":{"line":244,"column":12},"end":{"line":244,"column":52}},"119":{"start":{"line":245,"column":12},"end":{"line":245,"column":54}},"120":{"start":{"line":247,"column":26},"end":{"line":247,"column":66}},"121":{"start":{"line":249,"column":12},"end":{"line":274,"column":15}},"122":{"start":{"line":250,"column":62},"end":{"line":250,"column":66}},"123":{"start":{"line":251,"column":16},"end":{"line":251,"column":65}},"124":{"start":{"line":253,"column":16},"end":{"line":273,"column":17}},"125":{"start":{"line":258,"column":20},"end":{"line":258,"column":70}},"126":{"start":{"line":260,"column":36},"end":{"line":268,"column":22}},"127":{"start":{"line":270,"column":20},"end":{"line":272,"column":106}},"128":{"start":{"line":271,"column":42},"end":{"line":271,"column":98}},"129":{"start":{"line":272,"column":40},"end":{"line":272,"column":104}},"130":{"start":{"line":276,"column":12},"end":{"line":276,"column":66}},"131":{"start":{"line":283,"column":4},"end":{"line":283,"column":32}},"132":{"start":{"line":283,"column":17},"end":{"line":283,"column":32}},"133":{"start":{"line":287,"column":0},"end":{"line":289,"column":1}},"134":{"start":{"line":288,"column":4},"end":{"line":288,"column":28}},"135":{"start":{"line":292,"column":0},"end":{"line":292,"column":19}}},"fnMap":{"0":{"name":"(anonymous_8)","decl":{"start":{"line":35,"column":22},"end":{"line":35,"column":25}},"loc":{"start":{"line":35,"column":27},"end":{"line":42,"column":1}}},"1":{"name":"(anonymous_9)","decl":{"start":{"line":53,"column":15},"end":{"line":53,"column":16}},"loc":{"start":{"line":53,"column":25},"end":{"line":81,"column":1}}},"2":{"name":"(anonymous_10)","decl":{"start":{"line":55,"column":34},"end":{"line":55,"column":35}},"loc":{"start":{"line":55,"column":86},"end":{"line":61,"column":5}}},"3":{"name":"(anonymous_11)","decl":{"start":{"line":64,"column":29},"end":{"line":64,"column":36}},"loc":{"start":{"line":64,"column":87},"end":{"line":71,"column":6}}},"4":{"name":"(anonymous_12)","decl":{"start":{"line":64,"column":87},"end":{"line":64,"column":null}},"loc":{"start":{"line":64,"column":87},"end":{"line":71,"column":5}}},"5":{"name":"(anonymous_13)","decl":{"start":{"line":84,"column":17},"end":{"line":84,"column":18}},"loc":{"start":{"line":84,"column":30},"end":{"line":86,"column":1}}},"6":{"name":"(anonymous_14)","decl":{"start":{"line":89,"column":13},"end":{"line":89,"column":14}},"loc":{"start":{"line":89,"column":26},"end":{"line":91,"column":1}}},"7":{"name":"(anonymous_15)","decl":{"start":{"line":97,"column":26},"end":{"line":97,"column":29}},"loc":{"start":{"line":97,"column":31},"end":{"line":105,"column":5}}},"8":{"name":"(anonymous_16)","decl":{"start":{"line":100,"column":35},"end":{"line":100,"column":38}},"loc":{"start":{"line":100,"column":40},"end":{"line":102,"column":7}}},"9":{"name":"(anonymous_17)","decl":{"start":{"line":104,"column":23},"end":{"line":104,"column":26}},"loc":{"start":{"line":104,"column":29},"end":{"line":104,"column":72}}},"10":{"name":"(anonymous_18)","decl":{"start":{"line":105,"column":13},"end":{"line":105,"column":16}},"loc":{"start":{"line":105,"column":19},"end":{"line":108,"column":5}}},"11":{"name":"(anonymous_19)","decl":{"start":{"line":115,"column":33},"end":{"line":115,"column":34}},"loc":{"start":{"line":115,"column":58},"end":{"line":117,"column":1}}},"12":{"name":"(anonymous_20)","decl":{"start":{"line":120,"column":36},"end":{"line":120,"column":37}},"loc":{"start":{"line":120,"column":56},"end":{"line":122,"column":2}}},"13":{"name":"(anonymous_21)","decl":{"start":{"line":132,"column":31},"end":{"line":132,"column":38}},"loc":{"start":{"line":132,"column":50},"end":{"line":168,"column":2}}},"14":{"name":"(anonymous_22)","decl":{"start":{"line":132,"column":50},"end":{"line":132,"column":null}},"loc":{"start":{"line":132,"column":50},"end":{"line":168,"column":1}}},"15":{"name":"(anonymous_23)","decl":{"start":{"line":176,"column":64},"end":{"line":176,"column":71}},"loc":{"start":{"line":176,"column":92},"end":{"line":197,"column":2}}},"16":{"name":"(anonymous_24)","decl":{"start":{"line":176,"column":92},"end":{"line":176,"column":null}},"loc":{"start":{"line":176,"column":92},"end":{"line":197,"column":1}}},"17":{"name":"handlePaymentIntentSucceeded","decl":{"start":{"line":200,"column":15},"end":{"line":200,"column":43}},"loc":{"start":{"line":200,"column":62},"end":{"line":228,"column":null}}},"18":{"name":"scheduleNotifications","decl":{"start":{"line":232,"column":22},"end":{"line":232,"column":43}},"loc":{"start":{"line":232,"column":43},"end":{"line":279,"column":null}}},"19":{"name":"(anonymous_29)","decl":{"start":{"line":233,"column":41},"end":{"line":233,"column":50}},"loc":{"start":{"line":233,"column":52},"end":{"line":278,"column":6}}},"20":{"name":"(anonymous_30)","decl":{"start":{"line":233,"column":52},"end":{"line":233,"column":null}},"loc":{"start":{"line":233,"column":52},"end":{"line":278,"column":5}}},"21":{"name":"(anonymous_31)","decl":{"start":{"line":249,"column":26},"end":{"line":249,"column":30}},"loc":{"start":{"line":249,"column":33},"end":{"line":274,"column":13}}},"22":{"name":"(anonymous_32)","decl":{"start":{"line":271,"column":30},"end":{"line":271,"column":38}},"loc":{"start":{"line":271,"column":42},"end":{"line":271,"column":98}}},"23":{"name":"(anonymous_33)","decl":{"start":{"line":272,"column":31},"end":{"line":272,"column":36}},"loc":{"start":{"line":272,"column":40},"end":{"line":272,"column":104}}},"24":{"name":"stopCronJob","decl":{"start":{"line":282,"column":16},"end":{"line":282,"column":27}},"loc":{"start":{"line":282,"column":27},"end":{"line":284,"column":1}}}},"branchMap":{"0":{"loc":{"start":{"line":27,"column":0},"end":{"line":32,"column":1}},"type":"if","locations":[{"start":{"line":27,"column":0},"end":{"line":32,"column":1}}]},"1":{"loc":{"start":{"line":40,"column":13},"end":{"line":40,"column":44}},"type":"binary-expr","locations":[{"start":{"line":40,"column":13},"end":{"line":40,"column":38}},{"start":{"line":40,"column":42},"end":{"line":40,"column":44}}]},"2":{"loc":{"start":{"line":44,"column":0},"end":{"line":46,"column":1}},"type":"if","locations":[{"start":{"line":44,"column":0},"end":{"line":46,"column":1}}]},"3":{"loc":{"start":{"line":57,"column":8},"end":{"line":59,"column":9}},"type":"if","locations":[{"start":{"line":57,"column":8},"end":{"line":59,"column":9}}]},"4":{"loc":{"start":{"line":96,"column":0},"end":{"line":109,"column":1}},"type":"if","locations":[{"start":{"line":96,"column":0},"end":{"line":109,"column":1}}]},"5":{"loc":{"start":{"line":139,"column":6},"end":{"line":139,"column":70}},"type":"if","locations":[{"start":{"line":139,"column":6},"end":{"line":139,"column":70}}]},"6":{"loc":{"start":{"line":139,"column":11},"end":{"line":139,"column":23}},"type":"cond-expr","locations":[{"start":{"line":139,"column":19},"end":{"line":139,"column":21}},{"start":{"line":139,"column":11},"end":{"line":139,"column":23}}]},"7":{"loc":{"start":{"line":139,"column":11},"end":{"line":139,"column":21}},"type":"binary-expr","locations":[{"start":{"line":139,"column":11},"end":{"line":139,"column":21}},{"start":{"line":139,"column":11},"end":{"line":139,"column":21}}]},"8":{"loc":{"start":{"line":181,"column":8},"end":{"line":189,"column":9}},"type":"switch","locations":[{"start":{"line":182,"column":12},"end":{"line":186,"column":22}},{"start":{"line":187,"column":12},"end":{"line":188,"column":67}}]},"9":{"loc":{"start":{"line":193,"column":8},"end":{"line":194,"column":59}},"type":"if","locations":[{"start":{"line":193,"column":8},"end":{"line":194,"column":59}}]},"10":{"loc":{"start":{"line":203,"column":4},"end":{"line":227,"column":5}},"type":"if","locations":[{"start":{"line":203,"column":4},"end":{"line":227,"column":5}}]},"11":{"loc":{"start":{"line":216,"column":12},"end":{"line":218,"column":13}},"type":"if","locations":[{"start":{"line":216,"column":12},"end":{"line":218,"column":13}}]},"12":{"loc":{"start":{"line":222,"column":12},"end":{"line":224,"column":13}},"type":"if","locations":[{"start":{"line":222,"column":12},"end":{"line":224,"column":13}}]},"13":{"loc":{"start":{"line":253,"column":16},"end":{"line":273,"column":17}},"type":"if","locations":[{"start":{"line":253,"column":16},"end":{"line":273,"column":17}}]},"14":{"loc":{"start":{"line":254,"column":20},"end":{"line":256,"column":52}},"type":"binary-expr","locations":[{"start":{"line":254,"column":20},"end":{"line":254,"column":35}},{"start":{"line":255,"column":20},"end":{"line":255,"column":60}},{"start":{"line":256,"column":20},"end":{"line":256,"column":52}}]},"15":{"loc":{"start":{"line":283,"column":4},"end":{"line":283,"column":32}},"type":"if","locations":[{"start":{"line":283,"column":4},"end":{"line":283,"column":32}}]},"16":{"loc":{"start":{"line":287,"column":0},"end":{"line":289,"column":1}},"type":"if","locations":[{"start":{"line":287,"column":0},"end":{"line":289,"column":1}}]}},"s":{"0":14,"1":14,"2":14,"3":14,"4":14,"5":14,"6":14,"7":13,"8":13,"9":13,"10":13,"11":13,"12":13,"13":13,"14":13,"15":13,"16":13,"17":13,"18":13,"19":13,"20":13,"21":0,"22":0,"23":13,"24":13,"25":13,"26":1,"27":1,"28":13,"29":0,"30":13,"31":13,"32":13,"33":143,"34":53,"35":53,"36":5,"37":48,"38":143,"39":20,"40":20,"41":20,"42":0,"43":0,"44":143,"45":13,"46":1,"47":13,"48":1,"49":13,"50":13,"51":0,"52":0,"53":0,"54":0,"55":0,"56":0,"57":0,"58":0,"59":13,"60":13,"61":1,"62":13,"63":13,"64":13,"65":13,"66":13,"67":13,"68":7,"69":7,"70":7,"71":7,"72":7,"73":6,"74":0,"75":6,"76":5,"77":3,"78":4,"79":4,"80":13,"81":5,"82":5,"83":5,"84":5,"85":5,"86":3,"87":3,"88":3,"89":2,"90":2,"91":4,"92":1,"93":1,"94":1,"95":3,"96":3,"97":3,"98":2,"99":2,"100":2,"101":2,"102":1,"103":0,"104":1,"105":1,"106":1,"107":1,"108":0,"109":0,"110":0,"111":0,"112":0,"113":0,"114":0,"115":0,"116":0,"117":0,"118":0,"119":0,"120":0,"121":0,"122":0,"123":0,"124":0,"125":0,"126":0,"127":0,"128":0,"129":0,"130":0,"131":2,"132":0,"133":13,"134":0,"135":13},"f":{"0":13,"1":143,"2":53,"3":20,"4":20,"5":1,"6":1,"7":0,"8":0,"9":0,"10":0,"11":1,"12":13,"13":7,"14":7,"15":5,"16":5,"17":3,"18":0,"19":0,"20":0,"21":0,"22":0,"23":0,"24":2},"b":{"0":[0],"1":[1,0],"2":[0],"3":[5],"4":[0],"5":[0],"6":[0,6],"7":[6,6],"8":[3,2],"9":[1],"10":[2],"11":[0],"12":[1],"13":[0],"14":[0,0,0],"15":[0],"16":[0]}}
,"/home/nyi/CPEN321Project/Backend/src/controllers/AnalysisController.ts": {"path":"/home/nyi/CPEN321Project/Backend/src/controllers/AnalysisController.ts","statementMap":{"0":{"start":{"line":2,"column":0},"end":{"line":2,"column":40}},"1":{"start":{"line":3,"column":0},"end":{"line":3,"column":81}},"2":{"start":{"line":4,"column":0},"end":{"line":4,"column":54}},"3":{"start":{"line":8,"column":23},"end":{"line":8,"column":49}},"4":{"start":{"line":9,"column":27},"end":{"line":9,"column":51}},"5":{"start":{"line":10,"column":31},"end":{"line":10,"column":33}},"6":{"start":{"line":11,"column":58},"end":{"line":11,"column":60}},"7":{"start":{"line":12,"column":57},"end":{"line":12,"column":59}},"8":{"start":{"line":14,"column":8},"end":{"line":16,"column":9}},"9":{"start":{"line":15,"column":12},"end":{"line":15,"column":39}},"10":{"start":{"line":18,"column":21},"end":{"line":18,"column":41}},"11":{"start":{"line":19,"column":8},"end":{"line":21,"column":9}},"12":{"start":{"line":20,"column":12},"end":{"line":20,"column":74}},"13":{"start":{"line":23,"column":8},"end":{"line":44,"column":9}},"14":{"start":{"line":24,"column":25},"end":{"line":24,"column":98}},"15":{"start":{"line":25,"column":12},"end":{"line":27,"column":13}},"16":{"start":{"line":26,"column":16},"end":{"line":26,"column":73}},"17":{"start":{"line":29,"column":31},"end":{"line":29,"column":61}},"18":{"start":{"line":31,"column":33},"end":{"line":31,"column":120}},"19":{"start":{"line":33,"column":37},"end":{"line":33,"column":77}},"20":{"start":{"line":34,"column":38},"end":{"line":34,"column":79}},"21":{"start":{"line":35,"column":12},"end":{"line":40,"column":13}},"22":{"start":{"line":36,"column":16},"end":{"line":36,"column":97}},"23":{"start":{"line":39,"column":16},"end":{"line":39,"column":29}},"24":{"start":{"line":41,"column":12},"end":{"line":41,"column":94}},"25":{"start":{"line":43,"column":12},"end":{"line":43,"column":76}},"26":{"start":{"line":6,"column":0},"end":{"line":6,"column":13}}},"fnMap":{"0":{"name":"(anonymous_7)","decl":{"start":{"line":7,"column":10},"end":{"line":7,"column":22}},"loc":{"start":{"line":7,"column":70},"end":{"line":45,"column":null}}}},"branchMap":{"0":{"loc":{"start":{"line":19,"column":8},"end":{"line":21,"column":9}},"type":"if","locations":[{"start":{"line":19,"column":8},"end":{"line":21,"column":9}}]},"1":{"loc":{"start":{"line":25,"column":12},"end":{"line":27,"column":13}},"type":"if","locations":[{"start":{"line":25,"column":12},"end":{"line":27,"column":13}}]},"2":{"loc":{"start":{"line":29,"column":31},"end":{"line":29,"column":61}},"type":"binary-expr","locations":[{"start":{"line":29,"column":31},"end":{"line":29,"column":55}},{"start":{"line":29,"column":59},"end":{"line":29,"column":61}}]},"3":{"loc":{"start":{"line":35,"column":12},"end":{"line":40,"column":13}},"type":"if","locations":[{"start":{"line":35,"column":12},"end":{"line":40,"column":13}},{"start":{"line":38,"column":16},"end":{"line":40,"column":13}}]}},"s":{"0":13,"1":13,"2":13,"3":6,"4":6,"5":6,"6":6,"7":6,"8":6,"9":60,"10":6,"11":6,"12":1,"13":5,"14":5,"15":4,"16":1,"17":3,"18":3,"19":3,"20":3,"21":3,"22":2,"23":1,"24":3,"25":1,"26":13},"f":{"0":6},"b":{"0":[1],"1":[1],"2":[3,1],"3":[2,1]}}
,"/home/nyi/CPEN321Project/Backend/src/controllers/JournalController.ts": {"path":"/home/nyi/CPEN321Project/Backend/src/controllers/JournalController.ts","statementMap":{"0":{"start":{"line":2,"column":0},"end":{"line":2,"column":40}},"1":{"start":{"line":3,"column":0},"end":{"line":3,"column":34}},"2":{"start":{"line":4,"column":0},"end":{"line":4,"column":20}},"3":{"start":{"line":5,"column":0},"end":{"line":5,"column":24}},"4":{"start":{"line":6,"column":0},"end":{"line":6,"column":26}},"5":{"start":{"line":7,"column":0},"end":{"line":7,"column":58}},"6":{"start":{"line":8,"column":0},"end":{"line":8,"column":36}},"7":{"start":{"line":9,"column":0},"end":{"line":9,"column":80}},"8":{"start":{"line":10,"column":0},"end":{"line":10,"column":30}},"9":{"start":{"line":12,"column":21},"end":{"line":12,"column":51}},"10":{"start":{"line":14,"column":0},"end":{"line":17,"column":1}},"11":{"start":{"line":15,"column":4},"end":{"line":15,"column":98}},"12":{"start":{"line":16,"column":4},"end":{"line":16,"column":49}},"13":{"start":{"line":20,"column":16},"end":{"line":20,"column":1040}},"14":{"start":{"line":21,"column":25},"end":{"line":21,"column":413}},"15":{"start":{"line":23,"column":20},"end":{"line":23,"column":37}},"16":{"start":{"line":24,"column":13},"end":{"line":24,"column":161}},"17":{"start":{"line":25,"column":33},"end":{"line":54,"column":2}},"18":{"start":{"line":44,"column":8},"end":{"line":52,"column":11}},"19":{"start":{"line":45,"column":12},"end":{"line":51,"column":13}},"20":{"start":{"line":46,"column":16},"end":{"line":50,"column":19}},"21":{"start":{"line":62,"column":4},"end":{"line":68,"column":5}},"22":{"start":{"line":63,"column":8},"end":{"line":63,"column":81}},"23":{"start":{"line":63,"column":49},"end":{"line":63,"column":79}},"24":{"start":{"line":64,"column":30},"end":{"line":64,"column":48}},"25":{"start":{"line":67,"column":87},"end":{"line":67,"column":89}},"26":{"start":{"line":69,"column":32},"end":{"line":69,"column":37}},"27":{"start":{"line":70,"column":18},"end":{"line":70,"column":19}},"28":{"start":{"line":71,"column":74},"end":{"line":71,"column":78}},"29":{"start":{"line":73,"column":4},"end":{"line":124,"column":5}},"30":{"start":{"line":74,"column":8},"end":{"line":121,"column":9}},"31":{"start":{"line":75,"column":29},"end":{"line":90,"column":null}},"32":{"start":{"line":93,"column":34},"end":{"line":93,"column":74}},"33":{"start":{"line":94,"column":12},"end":{"line":94,"column":41}},"34":{"start":{"line":95,"column":12},"end":{"line":97,"column":13}},"35":{"start":{"line":96,"column":16},"end":{"line":96,"column":68}},"36":{"start":{"line":99,"column":12},"end":{"line":105,"column":13}},"37":{"start":{"line":100,"column":16},"end":{"line":100,"column":94}},"38":{"start":{"line":101,"column":16},"end":{"line":101,"column":60}},"39":{"start":{"line":103,"column":16},"end":{"line":103,"column":84}},"40":{"start":{"line":104,"column":16},"end":{"line":104,"column":66}},"41":{"start":{"line":106,"column":32},"end":{"line":106,"column":81}},"42":{"start":{"line":107,"column":12},"end":{"line":113,"column":13}},"43":{"start":{"line":108,"column":16},"end":{"line":108,"column":50}},"44":{"start":{"line":109,"column":16},"end":{"line":109,"column":45}},"45":{"start":{"line":111,"column":16},"end":{"line":111,"column":26}},"46":{"start":{"line":112,"column":16},"end":{"line":112,"column":74}},"47":{"start":{"line":115,"column":12},"end":{"line":119,"column":13}},"48":{"start":{"line":116,"column":16},"end":{"line":116,"column":92}},"49":{"start":{"line":118,"column":16},"end":{"line":118,"column":66}},"50":{"start":{"line":120,"column":12},"end":{"line":120,"column":22}},"51":{"start":{"line":123,"column":8},"end":{"line":123,"column":null}},"52":{"start":{"line":125,"column":4},"end":{"line":134,"column":5}},"53":{"start":{"line":126,"column":8},"end":{"line":126,"column":46}},"54":{"start":{"line":127,"column":52},"end":{"line":127,"column":66}},"55":{"start":{"line":128,"column":36},"end":{"line":129,"column":null}},"56":{"start":{"line":129,"column":59},"end":{"line":129,"column":78}},"57":{"start":{"line":131,"column":8},"end":{"line":131,"column":84}},"58":{"start":{"line":133,"column":8},"end":{"line":133,"column":61}},"59":{"start":{"line":136,"column":21},"end":{"line":136,"column":103}},"60":{"start":{"line":143,"column":4},"end":{"line":143,"column":90}},"61":{"start":{"line":145,"column":4},"end":{"line":150,"column":5}},"62":{"start":{"line":146,"column":8},"end":{"line":146,"column":81}},"63":{"start":{"line":149,"column":8},"end":{"line":149,"column":80}},"64":{"start":{"line":151,"column":4},"end":{"line":151,"column":92}},"65":{"start":{"line":153,"column":18},"end":{"line":153,"column":51}},"66":{"start":{"line":154,"column":4},"end":{"line":154,"column":44}},"67":{"start":{"line":156,"column":24},"end":{"line":156,"column":92}},"68":{"start":{"line":157,"column":4},"end":{"line":157,"column":66}},"69":{"start":{"line":159,"column":4},"end":{"line":159,"column":56}},"70":{"start":{"line":164,"column":46},"end":{"line":164,"column":54}},"71":{"start":{"line":166,"column":28},"end":{"line":166,"column":56}},"72":{"start":{"line":167,"column":8},"end":{"line":169,"column":9}},"73":{"start":{"line":168,"column":12},"end":{"line":168,"column":95}},"74":{"start":{"line":172,"column":8},"end":{"line":176,"column":9}},"75":{"start":{"line":173,"column":12},"end":{"line":173,"column":93}},"76":{"start":{"line":175,"column":12},"end":{"line":175,"column":91}},"77":{"start":{"line":178,"column":8},"end":{"line":180,"column":9}},"78":{"start":{"line":179,"column":12},"end":{"line":179,"column":69}},"79":{"start":{"line":182,"column":20},"end":{"line":182,"column":48}},"80":{"start":{"line":186,"column":8},"end":{"line":191,"column":9}},"81":{"start":{"line":187,"column":12},"end":{"line":187,"column":111}},"82":{"start":{"line":189,"column":12},"end":{"line":189,"column":75}},"83":{"start":{"line":190,"column":12},"end":{"line":190,"column":100}},"84":{"start":{"line":195,"column":8},"end":{"line":200,"column":9}},"85":{"start":{"line":196,"column":12},"end":{"line":196,"column":57}},"86":{"start":{"line":199,"column":12},"end":{"line":199,"column":68}},"87":{"start":{"line":204,"column":8},"end":{"line":209,"column":9}},"88":{"start":{"line":205,"column":12},"end":{"line":205,"column":112}},"89":{"start":{"line":205,"column":80},"end":{"line":205,"column":110}},"90":{"start":{"line":205,"column":81},"end":{"line":205,"column":110}},"91":{"start":{"line":208,"column":12},"end":{"line":208,"column":70}},"92":{"start":{"line":210,"column":127},"end":{"line":210,"column":176}},"93":{"start":{"line":211,"column":8},"end":{"line":217,"column":9}},"94":{"start":{"line":212,"column":12},"end":{"line":214,"column":13}},"95":{"start":{"line":213,"column":16},"end":{"line":213,"column":81}},"96":{"start":{"line":216,"column":12},"end":{"line":216,"column":107}},"97":{"start":{"line":219,"column":8},"end":{"line":242,"column":9}},"98":{"start":{"line":220,"column":27},"end":{"line":231,"column":null}},"99":{"start":{"line":234,"column":12},"end":{"line":238,"column":15}},"100":{"start":{"line":240,"column":12},"end":{"line":240,"column":75}},"101":{"start":{"line":241,"column":12},"end":{"line":241,"column":96}},"102":{"start":{"line":247,"column":33},"end":{"line":247,"column":42}},"103":{"start":{"line":249,"column":28},"end":{"line":249,"column":66}},"104":{"start":{"line":250,"column":8},"end":{"line":252,"column":9}},"105":{"start":{"line":251,"column":12},"end":{"line":251,"column":95}},"106":{"start":{"line":254,"column":20},"end":{"line":254,"column":58}},"107":{"start":{"line":256,"column":22},"end":{"line":257,"column":38}},"108":{"start":{"line":259,"column":8},"end":{"line":262,"column":9}},"109":{"start":{"line":260,"column":12},"end":{"line":260,"column":78}},"110":{"start":{"line":261,"column":12},"end":{"line":261,"column":134}},"111":{"start":{"line":261,"column":97},"end":{"line":261,"column":127}},"112":{"start":{"line":261,"column":98},"end":{"line":261,"column":127}},"113":{"start":{"line":264,"column":8},"end":{"line":266,"column":11}},"114":{"start":{"line":272,"column":58},"end":{"line":272,"column":66}},"115":{"start":{"line":275,"column":29},"end":{"line":275,"column":33}},"116":{"start":{"line":278,"column":28},"end":{"line":278,"column":56}},"117":{"start":{"line":279,"column":8},"end":{"line":279,"column":53}},"118":{"start":{"line":279,"column":28},"end":{"line":279,"column":51}},"119":{"start":{"line":281,"column":8},"end":{"line":285,"column":9}},"120":{"start":{"line":282,"column":12},"end":{"line":282,"column":93}},"121":{"start":{"line":284,"column":12},"end":{"line":284,"column":91}},"122":{"start":{"line":287,"column":8},"end":{"line":289,"column":9}},"123":{"start":{"line":288,"column":12},"end":{"line":288,"column":69}},"124":{"start":{"line":291,"column":20},"end":{"line":291,"column":48}},"125":{"start":{"line":292,"column":127},"end":{"line":292,"column":176}},"126":{"start":{"line":293,"column":31},"end":{"line":293,"column":126}},"127":{"start":{"line":293,"column":90},"end":{"line":293,"column":120}},"128":{"start":{"line":293,"column":91},"end":{"line":293,"column":120}},"129":{"start":{"line":295,"column":8},"end":{"line":328,"column":9}},"130":{"start":{"line":296,"column":25},"end":{"line":299,"column":null}},"131":{"start":{"line":304,"column":13},"end":{"line":328,"column":9}},"132":{"start":{"line":305,"column":12},"end":{"line":310,"column":13}},"133":{"start":{"line":306,"column":16},"end":{"line":306,"column":81}},"134":{"start":{"line":309,"column":16},"end":{"line":309,"column":53}},"135":{"start":{"line":311,"column":34},"end":{"line":311,"column":74}},"136":{"start":{"line":313,"column":25},"end":{"line":316,"column":null}},"137":{"start":{"line":322,"column":12},"end":{"line":322,"column":47}},"138":{"start":{"line":323,"column":25},"end":{"line":326,"column":null}},"139":{"start":{"line":330,"column":12},"end":{"line":332,"column":11}},"140":{"start":{"line":338,"column":33},"end":{"line":338,"column":42}},"141":{"start":{"line":340,"column":23},"end":{"line":341,"column":40}},"142":{"start":{"line":343,"column":8},"end":{"line":345,"column":11}},"143":{"start":{"line":350,"column":35},"end":{"line":350,"column":44}},"144":{"start":{"line":352,"column":28},"end":{"line":352,"column":66}},"145":{"start":{"line":355,"column":8},"end":{"line":357,"column":9}},"146":{"start":{"line":356,"column":12},"end":{"line":356,"column":106}},"147":{"start":{"line":360,"column":20},"end":{"line":360,"column":58}},"148":{"start":{"line":363,"column":25},"end":{"line":364,"column":39}},"149":{"start":{"line":366,"column":8},"end":{"line":368,"column":9}},"150":{"start":{"line":367,"column":12},"end":{"line":367,"column":96}},"151":{"start":{"line":371,"column":8},"end":{"line":378,"column":9}},"152":{"start":{"line":372,"column":12},"end":{"line":372,"column":78}},"153":{"start":{"line":373,"column":12},"end":{"line":377,"column":21}},"154":{"start":{"line":374,"column":75},"end":{"line":376,"column":18}},"155":{"start":{"line":375,"column":20},"end":{"line":375,"column":56}},"156":{"start":{"line":376,"column":34},"end":{"line":376,"column":55}},"157":{"start":{"line":381,"column":25},"end":{"line":381,"column":48}},"158":{"start":{"line":382,"column":25},"end":{"line":382,"column":73}},"159":{"start":{"line":383,"column":8},"end":{"line":383,"column":null}},"160":{"start":{"line":384,"column":8},"end":{"line":384,"column":null}},"161":{"start":{"line":386,"column":8},"end":{"line":510,"column":9}},"162":{"start":{"line":388,"column":35},"end":{"line":388,"column":84}},"163":{"start":{"line":389,"column":24},"end":{"line":389,"column":54}},"164":{"start":{"line":390,"column":12},"end":{"line":390,"column":44}},"165":{"start":{"line":391,"column":12},"end":{"line":391,"column":null}},"166":{"start":{"line":393,"column":15},"end":{"line":510,"column":9}},"167":{"start":{"line":394,"column":27},"end":{"line":394,"column":53}},"168":{"start":{"line":395,"column":12},"end":{"line":506,"column":13}},"169":{"start":{"line":396,"column":39},"end":{"line":396,"column":87}},"170":{"start":{"line":398,"column":16},"end":{"line":503,"column":17}},"171":{"start":{"line":399,"column":31},"end":{"line":399,"column":47}},"172":{"start":{"line":400,"column":44},"end":{"line":400,"column":58}},"173":{"start":{"line":401,"column":33},"end":{"line":401,"column":44}},"174":{"start":{"line":404,"column":20},"end":{"line":410,"column":23}},"175":{"start":{"line":412,"column":20},"end":{"line":419,"column":23}},"176":{"start":{"line":421,"column":20},"end":{"line":421,"column":33}},"177":{"start":{"line":424,"column":40},"end":{"line":424,"column":42}},"178":{"start":{"line":425,"column":41},"end":{"line":425,"column":43}},"179":{"start":{"line":428,"column":20},"end":{"line":428,"column":42}},"180":{"start":{"line":431,"column":20},"end":{"line":502,"column":21}},"181":{"start":{"line":432,"column":24},"end":{"line":432,"column":86}},"182":{"start":{"line":432,"column":75},"end":{"line":432,"column":84}},"183":{"start":{"line":434,"column":24},"end":{"line":501,"column":25}},"184":{"start":{"line":439,"column":28},"end":{"line":457,"column":29}},"185":{"start":{"line":440,"column":32},"end":{"line":440,"column":79}},"186":{"start":{"line":441,"column":32},"end":{"line":441,"column":83}},"187":{"start":{"line":444,"column":59},"end":{"line":444,"column":79}},"188":{"start":{"line":445,"column":32},"end":{"line":445,"column":62}},"189":{"start":{"line":445,"column":51},"end":{"line":445,"column":60}},"190":{"start":{"line":447,"column":32},"end":{"line":447,"column":80}},"191":{"start":{"line":449,"column":32},"end":{"line":456,"column":33}},"192":{"start":{"line":450,"column":36},"end":{"line":450,"column":87}},"193":{"start":{"line":451,"column":39},"end":{"line":456,"column":33}},"194":{"start":{"line":452,"column":36},"end":{"line":452,"column":87}},"195":{"start":{"line":454,"column":36},"end":{"line":454,"column":86}},"196":{"start":{"line":455,"column":36},"end":{"line":455,"column":45}},"197":{"start":{"line":459,"column":28},"end":{"line":497,"column":29}},"198":{"start":{"line":460,"column":79},"end":{"line":460,"column":101}},"199":{"start":{"line":463,"column":49},"end":{"line":463,"column":60}},"200":{"start":{"line":464,"column":50},"end":{"line":464,"column":60}},"201":{"start":{"line":467,"column":47},"end":{"line":467,"column":55}},"202":{"start":{"line":468,"column":48},"end":{"line":468,"column":57}},"203":{"start":{"line":470,"column":32},"end":{"line":473,"column":33}},"204":{"start":{"line":471,"column":56},"end":{"line":471,"column":75}},"205":{"start":{"line":472,"column":36},"end":{"line":472,"column":60}},"206":{"start":{"line":472,"column":61},"end":{"line":472,"column":86}},"207":{"start":{"line":475,"column":32},"end":{"line":478,"column":33}},"208":{"start":{"line":476,"column":56},"end":{"line":476,"column":77}},"209":{"start":{"line":477,"column":36},"end":{"line":477,"column":60}},"210":{"start":{"line":477,"column":61},"end":{"line":477,"column":86}},"211":{"start":{"line":481,"column":32},"end":{"line":485,"column":33}},"212":{"start":{"line":482,"column":36},"end":{"line":482,"column":60}},"213":{"start":{"line":483,"column":36},"end":{"line":483,"column":73}},"214":{"start":{"line":484,"column":36},"end":{"line":484,"column":57}},"215":{"start":{"line":488,"column":32},"end":{"line":493,"column":35}},"216":{"start":{"line":496,"column":32},"end":{"line":496,"column":67}},"217":{"start":{"line":499,"column":28},"end":{"line":499,"column":77}},"218":{"start":{"line":500,"column":28},"end":{"line":500,"column":37}},"219":{"start":{"line":505,"column":16},"end":{"line":505,"column":81}},"220":{"start":{"line":507,"column":29},"end":{"line":507,"column":48}},"221":{"start":{"line":508,"column":12},"end":{"line":508,"column":49}},"222":{"start":{"line":509,"column":12},"end":{"line":509,"column":null}},"223":{"start":{"line":512,"column":28},"end":{"line":512,"column":85}},"224":{"start":{"line":513,"column":8},"end":{"line":513,"column":56}},"225":{"start":{"line":162,"column":0},"end":{"line":162,"column":13}}},"fnMap":{"0":{"name":"(anonymous_8)","decl":{"start":{"line":43,"column":18},"end":{"line":43,"column":19}},"loc":{"start":{"line":43,"column":38},"end":{"line":53,"column":5}}},"1":{"name":"(anonymous_9)","decl":{"start":{"line":44,"column":40},"end":{"line":44,"column":41}},"loc":{"start":{"line":44,"column":48},"end":{"line":52,"column":9}}},"2":{"name":"getEmbeddings","decl":{"start":{"line":56,"column":15},"end":{"line":56,"column":28}},"loc":{"start":{"line":59,"column":19},"end":{"line":135,"column":null}}},"3":{"name":"(anonymous_12)","decl":{"start":{"line":63,"column":35},"end":{"line":63,"column":36}},"loc":{"start":{"line":63,"column":49},"end":{"line":63,"column":79}}},"4":{"name":"(anonymous_13)","decl":{"start":{"line":129,"column":41},"end":{"line":129,"column":42}},"loc":{"start":{"line":129,"column":59},"end":{"line":129,"column":78}}},"5":{"name":"getGoogleNumID","decl":{"start":{"line":142,"column":15},"end":{"line":142,"column":29}},"loc":{"start":{"line":142,"column":44},"end":{"line":160,"column":null}}},"6":{"name":"(anonymous_16)","decl":{"start":{"line":163,"column":10},"end":{"line":163,"column":21}},"loc":{"start":{"line":163,"column":69},"end":{"line":243,"column":null}}},"7":{"name":"(anonymous_18)","decl":{"start":{"line":205,"column":57},"end":{"line":205,"column":64}},"loc":{"start":{"line":205,"column":80},"end":{"line":205,"column":110}}},"8":{"name":"(anonymous_19)","decl":{"start":{"line":205,"column":80},"end":{"line":205,"column":81}},"loc":{"start":{"line":205,"column":80},"end":{"line":205,"column":110}}},"9":{"name":"(anonymous_20)","decl":{"start":{"line":246,"column":10},"end":{"line":246,"column":20}},"loc":{"start":{"line":246,"column":68},"end":{"line":267,"column":null}}},"10":{"name":"(anonymous_22)","decl":{"start":{"line":261,"column":74},"end":{"line":261,"column":81}},"loc":{"start":{"line":261,"column":97},"end":{"line":261,"column":127}}},"11":{"name":"(anonymous_23)","decl":{"start":{"line":261,"column":97},"end":{"line":261,"column":98}},"loc":{"start":{"line":261,"column":97},"end":{"line":261,"column":127}}},"12":{"name":"(anonymous_24)","decl":{"start":{"line":271,"column":10},"end":{"line":271,"column":20}},"loc":{"start":{"line":271,"column":68},"end":{"line":333,"column":null}}},"13":{"name":"(anonymous_26)","decl":{"start":{"line":293,"column":67},"end":{"line":293,"column":74}},"loc":{"start":{"line":293,"column":90},"end":{"line":293,"column":120}}},"14":{"name":"(anonymous_27)","decl":{"start":{"line":293,"column":90},"end":{"line":293,"column":91}},"loc":{"start":{"line":293,"column":90},"end":{"line":293,"column":120}}},"15":{"name":"(anonymous_28)","decl":{"start":{"line":337,"column":10},"end":{"line":337,"column":23}},"loc":{"start":{"line":337,"column":71},"end":{"line":346,"column":null}}},"16":{"name":"(anonymous_30)","decl":{"start":{"line":349,"column":10},"end":{"line":349,"column":24}},"loc":{"start":{"line":349,"column":72},"end":{"line":514,"column":null}}},"17":{"name":"(anonymous_32)","decl":{"start":{"line":374,"column":52},"end":{"line":374,"column":59}},"loc":{"start":{"line":374,"column":75},"end":{"line":376,"column":18}}},"18":{"name":"(anonymous_33)","decl":{"start":{"line":374,"column":75},"end":{"line":374,"column":null}},"loc":{"start":{"line":374,"column":75},"end":{"line":376,"column":17}}},"19":{"name":"(anonymous_34)","decl":{"start":{"line":376,"column":25},"end":{"line":376,"column":30}},"loc":{"start":{"line":376,"column":34},"end":{"line":376,"column":55}}}},"branchMap":{"0":{"loc":{"start":{"line":12,"column":21},"end":{"line":12,"column":51}},"type":"binary-expr","locations":[{"start":{"line":12,"column":21},"end":{"line":12,"column":45}},{"start":{"line":12,"column":49},"end":{"line":12,"column":51}}]},"1":{"loc":{"start":{"line":14,"column":0},"end":{"line":17,"column":1}},"type":"if","locations":[{"start":{"line":14,"column":0},"end":{"line":17,"column":1}}]},"2":{"loc":{"start":{"line":45,"column":12},"end":{"line":51,"column":13}},"type":"if","locations":[{"start":{"line":45,"column":12},"end":{"line":51,"column":13}}]},"3":{"loc":{"start":{"line":62,"column":4},"end":{"line":68,"column":5}},"type":"if","locations":[{"start":{"line":62,"column":4},"end":{"line":68,"column":5}},{"start":{"line":66,"column":8},"end":{"line":68,"column":5}}]},"4":{"loc":{"start":{"line":73,"column":10},"end":{"line":73,"column":47}},"type":"binary-expr","locations":[{"start":{"line":73,"column":10},"end":{"line":73,"column":32}},{"start":{"line":73,"column":36},"end":{"line":73,"column":47}}]},"5":{"loc":{"start":{"line":95,"column":12},"end":{"line":97,"column":13}},"type":"if","locations":[{"start":{"line":95,"column":12},"end":{"line":97,"column":13}}]},"6":{"loc":{"start":{"line":107,"column":12},"end":{"line":113,"column":13}},"type":"if","locations":[{"start":{"line":107,"column":12},"end":{"line":113,"column":13}},{"start":{"line":110,"column":19},"end":{"line":113,"column":13}}]},"7":{"loc":{"start":{"line":115,"column":12},"end":{"line":119,"column":13}},"type":"if","locations":[{"start":{"line":115,"column":12},"end":{"line":119,"column":13}},{"start":{"line":117,"column":19},"end":{"line":119,"column":13}}]},"8":{"loc":{"start":{"line":116,"column":59},"end":{"line":116,"column":90}},"type":"binary-expr","locations":[{"start":{"line":116,"column":59},"end":{"line":116,"column":73}},{"start":{"line":116,"column":77},"end":{"line":116,"column":90}}]},"9":{"loc":{"start":{"line":125,"column":4},"end":{"line":134,"column":5}},"type":"if","locations":[{"start":{"line":125,"column":4},"end":{"line":134,"column":5}},{"start":{"line":132,"column":11},"end":{"line":134,"column":5}}]},"10":{"loc":{"start":{"line":149,"column":24},"end":{"line":149,"column":78}},"type":"cond-expr","locations":[{"start":{"line":149,"column":49},"end":{"line":149,"column":62}},{"start":{"line":149,"column":65},"end":{"line":149,"column":78}}]},"11":{"loc":{"start":{"line":151,"column":78},"end":{"line":151,"column":90}},"type":"cond-expr","locations":[{"start":{"line":151,"column":82},"end":{"line":151,"column":84}},{"start":{"line":151,"column":78},"end":{"line":151,"column":90}}]},"12":{"loc":{"start":{"line":151,"column":78},"end":{"line":151,"column":84}},"type":"binary-expr","locations":[{"start":{"line":151,"column":78},"end":{"line":151,"column":84}},{"start":{"line":151,"column":78},"end":{"line":151,"column":84}}]},"13":{"loc":{"start":{"line":159,"column":11},"end":{"line":159,"column":55}},"type":"cond-expr","locations":[{"start":{"line":159,"column":25},"end":{"line":159,"column":48}},{"start":{"line":159,"column":51},"end":{"line":159,"column":55}}]},"14":{"loc":{"start":{"line":167,"column":8},"end":{"line":169,"column":9}},"type":"if","locations":[{"start":{"line":167,"column":8},"end":{"line":169,"column":9}}]},"15":{"loc":{"start":{"line":178,"column":8},"end":{"line":180,"column":9}},"type":"if","locations":[{"start":{"line":178,"column":8},"end":{"line":180,"column":9}}]},"16":{"loc":{"start":{"line":195,"column":8},"end":{"line":200,"column":9}},"type":"if","locations":[{"start":{"line":195,"column":8},"end":{"line":200,"column":9}},{"start":{"line":197,"column":15},"end":{"line":200,"column":9}}]},"17":{"loc":{"start":{"line":199,"column":28},"end":{"line":199,"column":67}},"type":"cond-expr","locations":[{"start":{"line":199,"column":44},"end":{"line":199,"column":62}},{"start":{"line":199,"column":65},"end":{"line":199,"column":67}}]},"18":{"loc":{"start":{"line":204,"column":8},"end":{"line":209,"column":9}},"type":"if","locations":[{"start":{"line":204,"column":8},"end":{"line":209,"column":9}},{"start":{"line":206,"column":15},"end":{"line":209,"column":9}}]},"19":{"loc":{"start":{"line":208,"column":29},"end":{"line":208,"column":69}},"type":"cond-expr","locations":[{"start":{"line":208,"column":45},"end":{"line":208,"column":64}},{"start":{"line":208,"column":67},"end":{"line":208,"column":69}}]},"20":{"loc":{"start":{"line":212,"column":12},"end":{"line":214,"column":13}},"type":"if","locations":[{"start":{"line":212,"column":12},"end":{"line":214,"column":13}}]},"21":{"loc":{"start":{"line":216,"column":49},"end":{"line":216,"column":103}},"type":"cond-expr","locations":[{"start":{"line":216,"column":74},"end":{"line":216,"column":87}},{"start":{"line":216,"column":90},"end":{"line":216,"column":103}}]},"22":{"loc":{"start":{"line":235,"column":25},"end":{"line":237,"column":68}},"type":"cond-expr","locations":[{"start":{"line":236,"column":22},"end":{"line":236,"column":94}},{"start":{"line":237,"column":22},"end":{"line":237,"column":68}}]},"23":{"loc":{"start":{"line":250,"column":8},"end":{"line":252,"column":9}},"type":"if","locations":[{"start":{"line":250,"column":8},"end":{"line":252,"column":9}}]},"24":{"loc":{"start":{"line":259,"column":8},"end":{"line":262,"column":9}},"type":"if","locations":[{"start":{"line":259,"column":8},"end":{"line":262,"column":9}}]},"25":{"loc":{"start":{"line":260,"column":25},"end":{"line":260,"column":77}},"type":"cond-expr","locations":[{"start":{"line":260,"column":38},"end":{"line":260,"column":72}},{"start":{"line":260,"column":75},"end":{"line":260,"column":77}}]},"26":{"loc":{"start":{"line":261,"column":26},"end":{"line":261,"column":133}},"type":"cond-expr","locations":[{"start":{"line":261,"column":40},"end":{"line":261,"column":128}},{"start":{"line":261,"column":131},"end":{"line":261,"column":133}}]},"27":{"loc":{"start":{"line":265,"column":21},"end":{"line":265,"column":95}},"type":"cond-expr","locations":[{"start":{"line":265,"column":29},"end":{"line":265,"column":69}},{"start":{"line":265,"column":72},"end":{"line":265,"column":95}}]},"28":{"loc":{"start":{"line":279,"column":8},"end":{"line":279,"column":53}},"type":"if","locations":[{"start":{"line":279,"column":8},"end":{"line":279,"column":53}}]},"29":{"loc":{"start":{"line":287,"column":8},"end":{"line":289,"column":9}},"type":"if","locations":[{"start":{"line":287,"column":8},"end":{"line":289,"column":9}}]},"30":{"loc":{"start":{"line":293,"column":31},"end":{"line":293,"column":126}},"type":"cond-expr","locations":[{"start":{"line":293,"column":39},"end":{"line":293,"column":121}},{"start":{"line":293,"column":124},"end":{"line":293,"column":126}}]},"31":{"loc":{"start":{"line":295,"column":8},"end":{"line":328,"column":9}},"type":"if","locations":[{"start":{"line":295,"column":8},"end":{"line":328,"column":9}},{"start":{"line":304,"column":13},"end":{"line":328,"column":9}}]},"32":{"loc":{"start":{"line":295,"column":11},"end":{"line":295,"column":50}},"type":"binary-expr","locations":[{"start":{"line":295,"column":12},"end":{"line":295,"column":17}},{"start":{"line":295,"column":21},"end":{"line":295,"column":34}},{"start":{"line":295,"column":39},"end":{"line":295,"column":50}}]},"33":{"loc":{"start":{"line":304,"column":13},"end":{"line":328,"column":9}},"type":"if","locations":[{"start":{"line":304,"column":13},"end":{"line":328,"column":9}},{"start":{"line":321,"column":12},"end":{"line":328,"column":9}}]},"34":{"loc":{"start":{"line":304,"column":16},"end":{"line":304,"column":36}},"type":"binary-expr","locations":[{"start":{"line":304,"column":16},"end":{"line":304,"column":20}},{"start":{"line":304,"column":24},"end":{"line":304,"column":36}}]},"35":{"loc":{"start":{"line":311,"column":34},"end":{"line":311,"column":74}},"type":"cond-expr","locations":[{"start":{"line":311,"column":41},"end":{"line":311,"column":69}},{"start":{"line":311,"column":72},"end":{"line":311,"column":74}}]},"36":{"loc":{"start":{"line":355,"column":8},"end":{"line":357,"column":9}},"type":"if","locations":[{"start":{"line":355,"column":8},"end":{"line":357,"column":9}}]},"37":{"loc":{"start":{"line":366,"column":8},"end":{"line":368,"column":9}},"type":"if","locations":[{"start":{"line":366,"column":8},"end":{"line":368,"column":9}}]},"38":{"loc":{"start":{"line":366,"column":12},"end":{"line":366,"column":46}},"type":"binary-expr","locations":[{"start":{"line":366,"column":12},"end":{"line":366,"column":21}},{"start":{"line":366,"column":25},"end":{"line":366,"column":46}}]},"39":{"loc":{"start":{"line":372,"column":25},"end":{"line":372,"column":77}},"type":"cond-expr","locations":[{"start":{"line":372,"column":38},"end":{"line":372,"column":72}},{"start":{"line":372,"column":75},"end":{"line":372,"column":77}}]},"40":{"loc":{"start":{"line":373,"column":26},"end":{"line":377,"column":20}},"type":"cond-expr","locations":[{"start":{"line":374,"column":18},"end":{"line":376,"column":56}},{"start":{"line":377,"column":18},"end":{"line":377,"column":20}}]},"41":{"loc":{"start":{"line":373,"column":26},"end":{"line":373,"column":67}},"type":"binary-expr","locations":[{"start":{"line":373,"column":26},"end":{"line":373,"column":37}},{"start":{"line":373,"column":41},"end":{"line":373,"column":67}}]},"42":{"loc":{"start":{"line":386,"column":8},"end":{"line":510,"column":9}},"type":"if","locations":[{"start":{"line":386,"column":8},"end":{"line":510,"column":9}},{"start":{"line":393,"column":15},"end":{"line":510,"column":9}}]},"43":{"loc":{"start":{"line":393,"column":15},"end":{"line":510,"column":9}},"type":"if","locations":[{"start":{"line":393,"column":15},"end":{"line":510,"column":9}}]},"44":{"loc":{"start":{"line":432,"column":24},"end":{"line":432,"column":86}},"type":"if","locations":[{"start":{"line":432,"column":24},"end":{"line":432,"column":86}}]},"45":{"loc":{"start":{"line":432,"column":28},"end":{"line":432,"column":71}},"type":"binary-expr","locations":[{"start":{"line":432,"column":28},"end":{"line":432,"column":38}},{"start":{"line":432,"column":42},"end":{"line":432,"column":71}}]},"46":{"loc":{"start":{"line":439,"column":28},"end":{"line":457,"column":29}},"type":"if","locations":[{"start":{"line":439,"column":28},"end":{"line":457,"column":29}},{"start":{"line":442,"column":35},"end":{"line":457,"column":29}}]},"47":{"loc":{"start":{"line":445,"column":32},"end":{"line":445,"column":62}},"type":"if","locations":[{"start":{"line":445,"column":32},"end":{"line":445,"column":62}}]},"48":{"loc":{"start":{"line":449,"column":32},"end":{"line":456,"column":33}},"type":"if","locations":[{"start":{"line":449,"column":32},"end":{"line":456,"column":33}},{"start":{"line":451,"column":39},"end":{"line":456,"column":33}}]},"49":{"loc":{"start":{"line":451,"column":39},"end":{"line":456,"column":33}},"type":"if","locations":[{"start":{"line":451,"column":39},"end":{"line":456,"column":33}},{"start":{"line":453,"column":39},"end":{"line":456,"column":33}}]},"50":{"loc":{"start":{"line":451,"column":43},"end":{"line":451,"column":100}},"type":"binary-expr","locations":[{"start":{"line":451,"column":43},"end":{"line":451,"column":70}},{"start":{"line":451,"column":74},"end":{"line":451,"column":100}}]},"51":{"loc":{"start":{"line":459,"column":28},"end":{"line":497,"column":29}},"type":"if","locations":[{"start":{"line":459,"column":28},"end":{"line":497,"column":29}}]},"52":{"loc":{"start":{"line":470,"column":32},"end":{"line":473,"column":33}},"type":"if","locations":[{"start":{"line":470,"column":32},"end":{"line":473,"column":33}}]},"53":{"loc":{"start":{"line":475,"column":32},"end":{"line":478,"column":33}},"type":"if","locations":[{"start":{"line":475,"column":32},"end":{"line":478,"column":33}}]},"54":{"loc":{"start":{"line":481,"column":32},"end":{"line":485,"column":33}},"type":"if","locations":[{"start":{"line":481,"column":32},"end":{"line":485,"column":33}}]}},"s":{"0":14,"1":14,"2":14,"3":14,"4":14,"5":14,"6":14,"7":14,"8":13,"9":13,"10":13,"11":0,"12":0,"13":13,"14":13,"15":13,"16":13,"17":13,"18":0,"19":0,"20":0,"21":0,"22":0,"23":0,"24":0,"25":0,"26":0,"27":0,"28":0,"29":0,"30":0,"31":0,"32":0,"33":0,"34":0,"35":0,"36":0,"37":0,"38":0,"39":0,"40":0,"41":0,"42":0,"43":0,"44":0,"45":0,"46":0,"47":0,"48":0,"49":0,"50":0,"51":0,"52":0,"53":0,"54":0,"55":0,"56":0,"57":0,"58":0,"59":13,"60":0,"61":0,"62":0,"63":0,"64":0,"65":0,"66":0,"67":0,"68":0,"69":0,"70":0,"71":0,"72":0,"73":0,"74":0,"75":0,"76":0,"77":0,"78":0,"79":0,"80":0,"81":0,"82":0,"83":0,"84":0,"85":0,"86":0,"87":0,"88":0,"89":0,"90":0,"91":0,"92":0,"93":0,"94":0,"95":0,"96":0,"97":0,"98":0,"99":0,"100":0,"101":0,"102":0,"103":0,"104":0,"105":0,"106":0,"107":0,"108":0,"109":0,"110":0,"111":0,"112":0,"113":0,"114":0,"115":0,"116":0,"117":0,"118":0,"119":0,"120":0,"121":0,"122":0,"123":0,"124":0,"125":0,"126":0,"127":0,"128":0,"129":0,"130":0,"131":0,"132":0,"133":0,"134":0,"135":0,"136":0,"137":0,"138":0,"139":0,"140":0,"141":0,"142":0,"143":0,"144":0,"145":0,"146":0,"147":0,"148":0,"149":0,"150":0,"151":0,"152":0,"153":0,"154":0,"155":0,"156":0,"157":0,"158":0,"159":0,"160":0,"161":0,"162":0,"163":0,"164":0,"165":0,"166":0,"167":0,"168":0,"169":0,"170":0,"171":0,"172":0,"173":0,"174":0,"175":0,"176":0,"177":0,"178":0,"179":0,"180":0,"181":0,"182":0,"183":0,"184":0,"185":0,"186":0,"187":0,"188":0,"189":0,"190":0,"191":0,"192":0,"193":0,"194":0,"195":0,"196":0,"197":0,"198":0,"199":0,"200":0,"201":0,"202":0,"203":0,"204":0,"205":0,"206":0,"207":0,"208":0,"209":0,"210":0,"211":0,"212":0,"213":0,"214":0,"215":0,"216":0,"217":0,"218":0,"219":0,"220":0,"221":0,"222":0,"223":0,"224":0,"225":13},"f":{"0":0,"1":0,"2":0,"3":0,"4":0,"5":0,"6":0,"7":0,"8":0,"9":0,"10":0,"11":0,"12":0,"13":0,"14":0,"15":0,"16":0,"17":0,"18":0,"19":0},"b":{"0":[13,0],"1":[0],"2":[0],"3":[0,0],"4":[0,0],"5":[0],"6":[0,0],"7":[0,0],"8":[0,0],"9":[0,0],"10":[0,0],"11":[0,0],"12":[0,0],"13":[0,0],"14":[0],"15":[0],"16":[0,0],"17":[0,0],"18":[0,0],"19":[0,0],"20":[0],"21":[0,0],"22":[0,0],"23":[0],"24":[0],"25":[0,0],"26":[0,0],"27":[0,0],"28":[0],"29":[0],"30":[0,0],"31":[0,0],"32":[0,0,0],"33":[0,0],"34":[0,0],"35":[0,0],"36":[0],"37":[0],"38":[0,0],"39":[0,0],"40":[0,0],"41":[0,0],"42":[0,0],"43":[0],"44":[0],"45":[0,0],"46":[0,0],"47":[0],"48":[0,0],"49":[0,0],"50":[0,0],"51":[0],"52":[0],"53":[0],"54":[0]}}
,"/home/nyi/CPEN321Project/Backend/src/controllers/UserController.ts": {"path":"/home/nyi/CPEN321Project/Backend/src/controllers/UserController.ts","statementMap":{"0":{"start":{"line":2,"column":0},"end":{"line":2,"column":40}},"1":{"start":{"line":4,"column":0},"end":{"line":4,"column":35}},"2":{"start":{"line":5,"column":0},"end":{"line":5,"column":33}},"3":{"start":{"line":6,"column":0},"end":{"line":6,"column":26}},"4":{"start":{"line":9,"column":0},"end":{"line":32,"column":1}},"5":{"start":{"line":10,"column":4},"end":{"line":31,"column":5}},"6":{"start":{"line":14,"column":8},"end":{"line":20,"column":9}},"7":{"start":{"line":15,"column":12},"end":{"line":15,"column":75}},"8":{"start":{"line":16,"column":12},"end":{"line":16,"column":69}},"9":{"start":{"line":18,"column":12},"end":{"line":18,"column":64}},"10":{"start":{"line":19,"column":12},"end":{"line":19,"column":94}},"11":{"start":{"line":23,"column":8},"end":{"line":25,"column":11}},"12":{"start":{"line":27,"column":8},"end":{"line":27,"column":50}},"13":{"start":{"line":30,"column":8},"end":{"line":30,"column":63}},"14":{"start":{"line":34,"column":21},"end":{"line":67,"column":1}},"15":{"start":{"line":35,"column":24},"end":{"line":58,"column":6}},"16":{"start":{"line":37,"column":27},"end":{"line":39,"column":143}},"17":{"start":{"line":42,"column":8},"end":{"line":44,"column":9}},"18":{"start":{"line":43,"column":12},"end":{"line":43,"column":58}},"19":{"start":{"line":47,"column":28},"end":{"line":47,"column":48}},"20":{"start":{"line":48,"column":24},"end":{"line":48,"column":53}},"21":{"start":{"line":49,"column":21},"end":{"line":49,"column":40}},"22":{"start":{"line":52,"column":8},"end":{"line":54,"column":9}},"23":{"start":{"line":53,"column":12},"end":{"line":53,"column":38}},"24":{"start":{"line":56,"column":8},"end":{"line":56,"column":114}},"25":{"start":{"line":57,"column":8},"end":{"line":57,"column":22}},"26":{"start":{"line":61,"column":17},"end":{"line":61,"column":59}},"27":{"start":{"line":62,"column":25},"end":{"line":62,"column":119}},"28":{"start":{"line":63,"column":24},"end":{"line":63,"column":44}},"29":{"start":{"line":64,"column":20},"end":{"line":64,"column":49}},"30":{"start":{"line":66,"column":4},"end":{"line":66,"column":36}},"31":{"start":{"line":72,"column":27},"end":{"line":72,"column":36}},"32":{"start":{"line":74,"column":8},"end":{"line":76,"column":9}},"33":{"start":{"line":75,"column":12},"end":{"line":75,"column":73}},"34":{"start":{"line":78,"column":8},"end":{"line":104,"column":9}},"35":{"start":{"line":80,"column":25},"end":{"line":80,"column":98}},"36":{"start":{"line":82,"column":12},"end":{"line":84,"column":13}},"37":{"start":{"line":83,"column":16},"end":{"line":83,"column":73}},"38":{"start":{"line":87,"column":28},"end":{"line":97,"column":14}},"39":{"start":{"line":99,"column":12},"end":{"line":99,"column":49}},"40":{"start":{"line":102,"column":12},"end":{"line":102,"column":62}},"41":{"start":{"line":103,"column":12},"end":{"line":103,"column":69}},"42":{"start":{"line":115,"column":12},"end":{"line":115,"column":20}},"43":{"start":{"line":120,"column":8},"end":{"line":122,"column":9}},"44":{"start":{"line":121,"column":12},"end":{"line":121,"column":73}},"45":{"start":{"line":129,"column":8},"end":{"line":135,"column":9}},"46":{"start":{"line":130,"column":29},"end":{"line":130,"column":111}},"47":{"start":{"line":131,"column":12},"end":{"line":131,"column":52}},"48":{"start":{"line":132,"column":12},"end":{"line":132,"column":72}},"49":{"start":{"line":134,"column":12},"end":{"line":134,"column":77}},"50":{"start":{"line":138,"column":8},"end":{"line":140,"column":9}},"51":{"start":{"line":139,"column":12},"end":{"line":139,"column":86}},"52":{"start":{"line":143,"column":8},"end":{"line":161,"column":9}},"53":{"start":{"line":144,"column":12},"end":{"line":146,"column":13}},"54":{"start":{"line":145,"column":16},"end":{"line":145,"column":95}},"55":{"start":{"line":149,"column":12},"end":{"line":160,"column":13}},"56":{"start":{"line":150,"column":16},"end":{"line":159,"column":17}},"57":{"start":{"line":156,"column":20},"end":{"line":158,"column":23}},"58":{"start":{"line":163,"column":8},"end":{"line":214,"column":9}},"59":{"start":{"line":165,"column":33},"end":{"line":165,"column":106}},"60":{"start":{"line":167,"column":12},"end":{"line":210,"column":13}},"61":{"start":{"line":169,"column":43},"end":{"line":171,"column":18}},"62":{"start":{"line":173,"column":16},"end":{"line":173,"column":89}},"63":{"start":{"line":173,"column":41},"end":{"line":173,"column":89}},"64":{"start":{"line":175,"column":16},"end":{"line":175,"column":72}},"65":{"start":{"line":175,"column":42},"end":{"line":175,"column":72}},"66":{"start":{"line":176,"column":16},"end":{"line":176,"column":96}},"67":{"start":{"line":176,"column":50},"end":{"line":176,"column":96}},"68":{"start":{"line":177,"column":16},"end":{"line":177,"column":111}},"69":{"start":{"line":177,"column":55},"end":{"line":177,"column":111}},"70":{"start":{"line":179,"column":16},"end":{"line":182,"column":18}},"71":{"start":{"line":185,"column":16},"end":{"line":188,"column":19}},"72":{"start":{"line":192,"column":32},"end":{"line":201,"column":18}},"73":{"start":{"line":203,"column":31},"end":{"line":203,"column":103}},"74":{"start":{"line":205,"column":16},"end":{"line":209,"column":17}},"75":{"start":{"line":206,"column":20},"end":{"line":206,"column":50}},"76":{"start":{"line":208,"column":20},"end":{"line":208,"column":85}},"77":{"start":{"line":212,"column":12},"end":{"line":212,"column":75}},"78":{"start":{"line":213,"column":12},"end":{"line":213,"column":69}},"79":{"start":{"line":220,"column":27},"end":{"line":220,"column":36}},"80":{"start":{"line":222,"column":8},"end":{"line":238,"column":9}},"81":{"start":{"line":224,"column":25},"end":{"line":224,"column":98}},"82":{"start":{"line":226,"column":12},"end":{"line":229,"column":13}},"83":{"start":{"line":228,"column":16},"end":{"line":228,"column":73}},"84":{"start":{"line":232,"column":27},"end":{"line":232,"column":47}},"85":{"start":{"line":234,"column":12},"end":{"line":234,"column":45}},"86":{"start":{"line":236,"column":12},"end":{"line":236,"column":66}},"87":{"start":{"line":237,"column":12},"end":{"line":237,"column":69}},"88":{"start":{"line":243,"column":45},"end":{"line":243,"column":53}},"89":{"start":{"line":245,"column":8},"end":{"line":294,"column":9}},"90":{"start":{"line":247,"column":25},"end":{"line":247,"column":98}},"91":{"start":{"line":249,"column":12},"end":{"line":251,"column":13}},"92":{"start":{"line":250,"column":16},"end":{"line":250,"column":73}},"93":{"start":{"line":253,"column":31},"end":{"line":253,"column":46}},"94":{"start":{"line":254,"column":29},"end":{"line":254,"column":50}},"95":{"start":{"line":255,"column":33},"end":{"line":255,"column":57}},"96":{"start":{"line":258,"column":37},"end":{"line":261,"column":14}},"97":{"start":{"line":264,"column":45},"end":{"line":264,"column":93}},"98":{"start":{"line":267,"column":12},"end":{"line":267,"column":44}},"99":{"start":{"line":268,"column":12},"end":{"line":268,"column":51}},"100":{"start":{"line":270,"column":12},"end":{"line":270,"column":65}},"101":{"start":{"line":271,"column":12},"end":{"line":271,"column":69}},"102":{"start":{"line":274,"column":27},"end":{"line":283,"column":null}},"103":{"start":{"line":286,"column":12},"end":{"line":290,"column":13}},"104":{"start":{"line":287,"column":16},"end":{"line":287,"column":63}},"105":{"start":{"line":289,"column":16},"end":{"line":289,"column":64}},"106":{"start":{"line":292,"column":12},"end":{"line":292,"column":59}},"107":{"start":{"line":293,"column":12},"end":{"line":293,"column":60}},"108":{"start":{"line":300,"column":49},"end":{"line":300,"column":57}},"109":{"start":{"line":302,"column":8},"end":{"line":304,"column":9}},"110":{"start":{"line":303,"column":12},"end":{"line":303,"column":96}},"111":{"start":{"line":306,"column":8},"end":{"line":321,"column":9}},"112":{"start":{"line":307,"column":27},"end":{"line":310,"column":null}},"113":{"start":{"line":313,"column":12},"end":{"line":317,"column":13}},"114":{"start":{"line":314,"column":16},"end":{"line":314,"column":56}},"115":{"start":{"line":316,"column":16},"end":{"line":316,"column":57}},"116":{"start":{"line":319,"column":12},"end":{"line":319,"column":59}},"117":{"start":{"line":320,"column":12},"end":{"line":320,"column":53}},"118":{"start":{"line":70,"column":0},"end":{"line":70,"column":13}}},"fnMap":{"0":{"name":"(anonymous_8)","decl":{"start":{"line":34,"column":21},"end":{"line":34,"column":22}},"loc":{"start":{"line":34,"column":75},"end":{"line":67,"column":1}}},"1":{"name":"(anonymous_9)","decl":{"start":{"line":35,"column":41},"end":{"line":35,"column":42}},"loc":{"start":{"line":35,"column":54},"end":{"line":58,"column":5}}},"2":{"name":"(anonymous_10)","decl":{"start":{"line":71,"column":10},"end":{"line":71,"column":24}},"loc":{"start":{"line":71,"column":72},"end":{"line":105,"column":null}}},"3":{"name":"(anonymous_12)","decl":{"start":{"line":108,"column":10},"end":{"line":108,"column":35}},"loc":{"start":{"line":108,"column":83},"end":{"line":215,"column":null}}},"4":{"name":"(anonymous_14)","decl":{"start":{"line":219,"column":10},"end":{"line":219,"column":20}},"loc":{"start":{"line":219,"column":68},"end":{"line":239,"column":null}}},"5":{"name":"(anonymous_16)","decl":{"start":{"line":242,"column":10},"end":{"line":242,"column":24}},"loc":{"start":{"line":242,"column":72},"end":{"line":295,"column":null}}},"6":{"name":"(anonymous_18)","decl":{"start":{"line":299,"column":10},"end":{"line":299,"column":23}},"loc":{"start":{"line":299,"column":71},"end":{"line":322,"column":null}}}},"branchMap":{"0":{"loc":{"start":{"line":9,"column":0},"end":{"line":32,"column":1}},"type":"if","locations":[{"start":{"line":9,"column":0},"end":{"line":32,"column":1}}]},"1":{"loc":{"start":{"line":14,"column":8},"end":{"line":20,"column":9}},"type":"if","locations":[{"start":{"line":14,"column":8},"end":{"line":20,"column":9}},{"start":{"line":17,"column":15},"end":{"line":20,"column":9}}]},"2":{"loc":{"start":{"line":42,"column":8},"end":{"line":44,"column":9}},"type":"if","locations":[{"start":{"line":42,"column":8},"end":{"line":44,"column":9}}]},"3":{"loc":{"start":{"line":52,"column":8},"end":{"line":54,"column":9}},"type":"if","locations":[{"start":{"line":52,"column":8},"end":{"line":54,"column":9}}]},"4":{"loc":{"start":{"line":74,"column":8},"end":{"line":76,"column":9}},"type":"if","locations":[{"start":{"line":74,"column":8},"end":{"line":76,"column":9}}]},"5":{"loc":{"start":{"line":82,"column":12},"end":{"line":84,"column":13}},"type":"if","locations":[{"start":{"line":82,"column":12},"end":{"line":84,"column":13}}]},"6":{"loc":{"start":{"line":88,"column":24},"end":{"line":88,"column":44}},"type":"binary-expr","locations":[{"start":{"line":88,"column":24},"end":{"line":88,"column":35}},{"start":{"line":88,"column":39},"end":{"line":88,"column":44}}]},"7":{"loc":{"start":{"line":89,"column":33},"end":{"line":89,"column":59}},"type":"binary-expr","locations":[{"start":{"line":89,"column":33},"end":{"line":89,"column":53}},{"start":{"line":89,"column":57},"end":{"line":89,"column":59}}]},"8":{"loc":{"start":{"line":90,"column":32},"end":{"line":90,"column":57}},"type":"binary-expr","locations":[{"start":{"line":90,"column":32},"end":{"line":90,"column":51}},{"start":{"line":90,"column":55},"end":{"line":90,"column":57}}]},"9":{"loc":{"start":{"line":91,"column":37},"end":{"line":91,"column":67}},"type":"binary-expr","locations":[{"start":{"line":91,"column":37},"end":{"line":91,"column":61}},{"start":{"line":91,"column":65},"end":{"line":91,"column":67}}]},"10":{"loc":{"start":{"line":92,"column":34},"end":{"line":92,"column":61}},"type":"binary-expr","locations":[{"start":{"line":92,"column":34},"end":{"line":92,"column":55}},{"start":{"line":92,"column":59},"end":{"line":92,"column":61}}]},"11":{"loc":{"start":{"line":93,"column":27},"end":{"line":93,"column":47}},"type":"binary-expr","locations":[{"start":{"line":93,"column":27},"end":{"line":93,"column":41}},{"start":{"line":93,"column":45},"end":{"line":93,"column":47}}]},"12":{"loc":{"start":{"line":94,"column":26},"end":{"line":94,"column":45}},"type":"binary-expr","locations":[{"start":{"line":94,"column":26},"end":{"line":94,"column":39}},{"start":{"line":94,"column":43},"end":{"line":94,"column":45}}]},"13":{"loc":{"start":{"line":95,"column":28},"end":{"line":95,"column":49}},"type":"binary-expr","locations":[{"start":{"line":95,"column":28},"end":{"line":95,"column":43}},{"start":{"line":95,"column":47},"end":{"line":95,"column":49}}]},"14":{"loc":{"start":{"line":96,"column":29},"end":{"line":96,"column":51}},"type":"binary-expr","locations":[{"start":{"line":96,"column":29},"end":{"line":96,"column":45}},{"start":{"line":96,"column":49},"end":{"line":96,"column":51}}]},"15":{"loc":{"start":{"line":120,"column":8},"end":{"line":122,"column":9}},"type":"if","locations":[{"start":{"line":120,"column":8},"end":{"line":122,"column":9}}]},"16":{"loc":{"start":{"line":138,"column":8},"end":{"line":140,"column":9}},"type":"if","locations":[{"start":{"line":138,"column":8},"end":{"line":140,"column":9}}]},"17":{"loc":{"start":{"line":138,"column":12},"end":{"line":138,"column":64}},"type":"binary-expr","locations":[{"start":{"line":138,"column":12},"end":{"line":138,"column":26}},{"start":{"line":138,"column":30},"end":{"line":138,"column":64}}]},"18":{"loc":{"start":{"line":143,"column":8},"end":{"line":161,"column":9}},"type":"if","locations":[{"start":{"line":143,"column":8},"end":{"line":161,"column":9}}]},"19":{"loc":{"start":{"line":144,"column":12},"end":{"line":146,"column":13}},"type":"if","locations":[{"start":{"line":144,"column":12},"end":{"line":146,"column":13}}]},"20":{"loc":{"start":{"line":150,"column":16},"end":{"line":159,"column":17}},"type":"if","locations":[{"start":{"line":150,"column":16},"end":{"line":159,"column":17}}]},"21":{"loc":{"start":{"line":151,"column":20},"end":{"line":154,"column":74}},"type":"binary-expr","locations":[{"start":{"line":151,"column":20},"end":{"line":151,"column":48}},{"start":{"line":152,"column":20},"end":{"line":152,"column":53}},{"start":{"line":153,"column":20},"end":{"line":153,"column":61}},{"start":{"line":154,"column":20},"end":{"line":154,"column":74}}]},"22":{"loc":{"start":{"line":167,"column":12},"end":{"line":210,"column":13}},"type":"if","locations":[{"start":{"line":167,"column":12},"end":{"line":210,"column":13}},{"start":{"line":190,"column":19},"end":{"line":210,"column":13}}]},"23":{"loc":{"start":{"line":173,"column":16},"end":{"line":173,"column":89}},"type":"if","locations":[{"start":{"line":173,"column":16},"end":{"line":173,"column":89}}]},"24":{"loc":{"start":{"line":175,"column":16},"end":{"line":175,"column":72}},"type":"if","locations":[{"start":{"line":175,"column":16},"end":{"line":175,"column":72}}]},"25":{"loc":{"start":{"line":176,"column":16},"end":{"line":176,"column":96}},"type":"if","locations":[{"start":{"line":176,"column":16},"end":{"line":176,"column":96}}]},"26":{"loc":{"start":{"line":177,"column":16},"end":{"line":177,"column":111}},"type":"if","locations":[{"start":{"line":177,"column":16},"end":{"line":177,"column":111}}]},"27":{"loc":{"start":{"line":194,"column":28},"end":{"line":194,"column":43}},"type":"binary-expr","locations":[{"start":{"line":194,"column":28},"end":{"line":194,"column":34}},{"start":{"line":194,"column":38},"end":{"line":194,"column":43}}]},"28":{"loc":{"start":{"line":196,"column":36},"end":{"line":196,"column":56}},"type":"binary-expr","locations":[{"start":{"line":196,"column":36},"end":{"line":196,"column":50}},{"start":{"line":196,"column":54},"end":{"line":196,"column":56}}]},"29":{"loc":{"start":{"line":197,"column":41},"end":{"line":197,"column":66}},"type":"binary-expr","locations":[{"start":{"line":197,"column":41},"end":{"line":197,"column":60}},{"start":{"line":197,"column":64},"end":{"line":197,"column":66}}]},"30":{"loc":{"start":{"line":205,"column":16},"end":{"line":209,"column":17}},"type":"if","locations":[{"start":{"line":205,"column":16},"end":{"line":209,"column":17}},{"start":{"line":207,"column":23},"end":{"line":209,"column":17}}]},"31":{"loc":{"start":{"line":226,"column":12},"end":{"line":229,"column":13}},"type":"if","locations":[{"start":{"line":226,"column":12},"end":{"line":229,"column":13}}]},"32":{"loc":{"start":{"line":232,"column":27},"end":{"line":232,"column":47}},"type":"binary-expr","locations":[{"start":{"line":232,"column":27},"end":{"line":232,"column":38}},{"start":{"line":232,"column":42},"end":{"line":232,"column":47}}]},"33":{"loc":{"start":{"line":249,"column":12},"end":{"line":251,"column":13}},"type":"if","locations":[{"start":{"line":249,"column":12},"end":{"line":251,"column":13}}]},"34":{"loc":{"start":{"line":286,"column":12},"end":{"line":290,"column":13}},"type":"if","locations":[{"start":{"line":286,"column":12},"end":{"line":290,"column":13}},{"start":{"line":288,"column":19},"end":{"line":290,"column":13}}]},"35":{"loc":{"start":{"line":302,"column":8},"end":{"line":304,"column":9}},"type":"if","locations":[{"start":{"line":302,"column":8},"end":{"line":304,"column":9}}]},"36":{"loc":{"start":{"line":302,"column":12},"end":{"line":302,"column":47}},"type":"binary-expr","locations":[{"start":{"line":302,"column":12},"end":{"line":302,"column":19}},{"start":{"line":302,"column":23},"end":{"line":302,"column":32}},{"start":{"line":302,"column":36},"end":{"line":302,"column":47}}]},"37":{"loc":{"start":{"line":313,"column":12},"end":{"line":317,"column":13}},"type":"if","locations":[{"start":{"line":313,"column":12},"end":{"line":317,"column":13}},{"start":{"line":315,"column":19},"end":{"line":317,"column":13}}]}},"s":{"0":14,"1":14,"2":14,"3":14,"4":14,"5":12,"6":12,"7":0,"8":0,"9":12,"10":12,"11":12,"12":11,"13":1,"14":14,"15":1,"16":1,"17":1,"18":0,"19":1,"20":1,"21":1,"22":1,"23":0,"24":1,"25":1,"26":1,"27":1,"28":1,"29":1,"30":1,"31":2,"32":2,"33":0,"34":2,"35":2,"36":1,"37":0,"38":1,"39":1,"40":1,"41":1,"42":8,"43":8,"44":0,"45":8,"46":8,"47":0,"48":0,"49":8,"50":0,"51":0,"52":0,"53":0,"54":0,"55":0,"56":0,"57":0,"58":0,"59":0,"60":0,"61":0,"62":0,"63":0,"64":0,"65":0,"66":0,"67":0,"68":0,"69":0,"70":0,"71":0,"72":0,"73":0,"74":0,"75":0,"76":0,"77":0,"78":0,"79":3,"80":3,"81":3,"82":2,"83":1,"84":1,"85":1,"86":1,"87":1,"88":3,"89":3,"90":3,"91":2,"92":1,"93":1,"94":1,"95":1,"96":1,"97":1,"98":1,"99":1,"100":1,"101":1,"102":1,"103":1,"104":1,"105":0,"106":1,"107":1,"108":3,"109":3,"110":1,"111":2,"112":2,"113":1,"114":1,"115":0,"116":1,"117":1,"118":14},"f":{"0":1,"1":1,"2":2,"3":8,"4":3,"5":3,"6":3},"b":{"0":[12],"1":[0,12],"2":[0],"3":[0],"4":[0],"5":[0],"6":[1,1],"7":[1,1],"8":[1,1],"9":[1,1],"10":[1,1],"11":[1,1],"12":[1,1],"13":[1,1],"14":[1,0],"15":[0],"16":[0],"17":[0,0],"18":[0],"19":[0],"20":[0],"21":[0,0,0,0],"22":[0,0],"23":[0],"24":[0],"25":[0],"26":[0],"27":[0,0],"28":[0,0],"29":[0,0],"30":[0,0],"31":[1],"32":[1,1],"33":[1],"34":[1,0],"35":[1],"36":[3,3,3],"37":[1,0]}}
,"/home/nyi/CPEN321Project/Backend/src/middlewares/authentication_functions.ts": {"path":"/home/nyi/CPEN321Project/Backend/src/middlewares/authentication_functions.ts","statementMap":{"0":{"start":{"line":5,"column":0},"end":{"line":5,"column":22}},"1":{"start":{"line":21,"column":0},"end":{"line":21,"column":22}},"2":{"start":{"line":1,"column":0},"end":{"line":1,"column":26}},"3":{"start":{"line":3,"column":0},"end":{"line":3,"column":40}},"4":{"start":{"line":6,"column":4},"end":{"line":6,"column":90}},"5":{"start":{"line":8,"column":17},"end":{"line":8,"column":82}},"6":{"start":{"line":9,"column":4},"end":{"line":9,"column":92}},"7":{"start":{"line":11,"column":18},"end":{"line":11,"column":51}},"8":{"start":{"line":12,"column":4},"end":{"line":12,"column":44}},"9":{"start":{"line":14,"column":24},"end":{"line":14,"column":92}},"10":{"start":{"line":15,"column":4},"end":{"line":15,"column":66}},"11":{"start":{"line":17,"column":4},"end":{"line":17,"column":56}},"12":{"start":{"line":22,"column":24},"end":{"line":22,"column":64}},"13":{"start":{"line":23,"column":22},"end":{"line":23,"column":67}},"14":{"start":{"line":24,"column":19},"end":{"line":24,"column":54}},"15":{"start":{"line":26,"column":4},"end":{"line":28,"column":5}},"16":{"start":{"line":27,"column":8},"end":{"line":27,"column":72}},"17":{"start":{"line":30,"column":4},"end":{"line":32,"column":5}},"18":{"start":{"line":31,"column":8},"end":{"line":31,"column":51}},"19":{"start":{"line":34,"column":4},"end":{"line":46,"column":5}},"20":{"start":{"line":35,"column":25},"end":{"line":35,"column":107}},"21":{"start":{"line":36,"column":36},"end":{"line":36,"column":53}},"22":{"start":{"line":38,"column":8},"end":{"line":41,"column":9}},"23":{"start":{"line":40,"column":12},"end":{"line":40,"column":102}},"24":{"start":{"line":43,"column":8},"end":{"line":43,"column":15}},"25":{"start":{"line":45,"column":8},"end":{"line":45,"column":93}}},"fnMap":{"0":{"name":"getGoogleNumID","decl":{"start":{"line":5,"column":22},"end":{"line":5,"column":36}},"loc":{"start":{"line":5,"column":51},"end":{"line":18,"column":null}}},"1":{"name":"verifyGoogleToken","decl":{"start":{"line":21,"column":22},"end":{"line":21,"column":39}},"loc":{"start":{"line":21,"column":87},"end":{"line":47,"column":null}}}},"branchMap":{"0":{"loc":{"start":{"line":9,"column":78},"end":{"line":9,"column":90}},"type":"cond-expr","locations":[{"start":{"line":9,"column":82},"end":{"line":9,"column":84}},{"start":{"line":9,"column":78},"end":{"line":9,"column":90}}]},"1":{"loc":{"start":{"line":9,"column":78},"end":{"line":9,"column":84}},"type":"binary-expr","locations":[{"start":{"line":9,"column":78},"end":{"line":9,"column":84}},{"start":{"line":9,"column":78},"end":{"line":9,"column":84}}]},"2":{"loc":{"start":{"line":17,"column":11},"end":{"line":17,"column":55}},"type":"cond-expr","locations":[{"start":{"line":17,"column":25},"end":{"line":17,"column":48}},{"start":{"line":17,"column":51},"end":{"line":17,"column":55}}]},"3":{"loc":{"start":{"line":22,"column":24},"end":{"line":22,"column":64}},"type":"cond-expr","locations":[{"start":{"line":22,"column":49},"end":{"line":22,"column":51}},{"start":{"line":22,"column":49},"end":{"line":22,"column":64}}]},"4":{"loc":{"start":{"line":22,"column":24},"end":{"line":22,"column":51}},"type":"binary-expr","locations":[{"start":{"line":22,"column":24},"end":{"line":22,"column":51}},{"start":{"line":22,"column":49},"end":{"line":22,"column":51}}]},"5":{"loc":{"start":{"line":23,"column":22},"end":{"line":23,"column":67}},"type":"binary-expr","locations":[{"start":{"line":23,"column":22},"end":{"line":23,"column":42}},{"start":{"line":23,"column":46},"end":{"line":23,"column":67}}]},"6":{"loc":{"start":{"line":24,"column":19},"end":{"line":24,"column":54}},"type":"binary-expr","locations":[{"start":{"line":24,"column":19},"end":{"line":24,"column":34}},{"start":{"line":24,"column":38},"end":{"line":24,"column":54}}]},"7":{"loc":{"start":{"line":26,"column":4},"end":{"line":28,"column":5}},"type":"if","locations":[{"start":{"line":26,"column":4},"end":{"line":28,"column":5}}]},"8":{"loc":{"start":{"line":30,"column":4},"end":{"line":32,"column":5}},"type":"if","locations":[{"start":{"line":30,"column":4},"end":{"line":32,"column":5}}]},"9":{"loc":{"start":{"line":38,"column":8},"end":{"line":41,"column":9}},"type":"if","locations":[{"start":{"line":38,"column":8},"end":{"line":41,"column":9}}]}},"s":{"0":13,"1":13,"2":13,"3":13,"4":5,"5":5,"6":5,"7":5,"8":5,"9":5,"10":5,"11":5,"12":28,"13":28,"14":28,"15":28,"16":1,"17":27,"18":5,"19":27,"20":27,"21":0,"22":0,"23":0,"24":0,"25":27},"f":{"0":5,"1":28},"b":{"0":[0,5],"1":[5,5],"2":[4,1],"3":[0,28],"4":[28,28],"5":[28,13],"6":[28,13],"7":[1],"8":[5],"9":[0]}}
[...]
line":225,"column":18}},{"start":{"line":225,"column":22},"end":{"line":225,"column":32}}]},"15":{"loc":{"start":{"line":233,"column":13},"end":{"line":255,"column":9}},"type":"if","locations":[{"start":{"line":233,"column":13},"end":{"line":255,"column":9}},{"start":{"line":241,"column":13},"end":{"line":255,"column":9}}]},"16":{"loc":{"start":{"line":233,"column":17},"end":{"line":233,"column":36}},"type":"binary-expr","locations":[{"start":{"line":233,"column":17},"end":{"line":233,"column":23}},{"start":{"line":233,"column":27},"end":{"line":233,"column":36}}]},"17":{"loc":{"start":{"line":241,"column":13},"end":{"line":255,"column":9}},"type":"if","locations":[{"start":{"line":241,"column":13},"end":{"line":255,"column":9}}]},"18":{"loc":{"start":{"line":244,"column":45},"end":{"line":244,"column":92}},"type":"cond-expr","locations":[{"start":{"line":244,"column":74},"end":{"line":244,"column":86}},{"start":{"line":244,"column":89},"end":{"line":244,"column":92}}]},"19":{"loc":{"start":{"line":250,"column":12},"end":{"line":253,"column":13}},"type":"if","locations":[{"start":{"line":250,"column":12},"end":{"line":253,"column":13}}]},"20":{"loc":{"start":{"line":257,"column":4},"end":{"line":259,"column":5}},"type":"if","locations":[{"start":{"line":257,"column":4},"end":{"line":259,"column":5}}]},"21":{"loc":{"start":{"line":263,"column":4},"end":{"line":274,"column":5}},"type":"if","locations":[{"start":{"line":263,"column":4},"end":{"line":274,"column":5}},{"start":{"line":266,"column":9},"end":{"line":274,"column":5}}]},"22":{"loc":{"start":{"line":263,"column":7},"end":{"line":263,"column":48}},"type":"binary-expr","locations":[{"start":{"line":263,"column":7},"end":{"line":263,"column":25}},{"start":{"line":263,"column":29},"end":{"line":263,"column":48}}]},"23":{"loc":{"start":{"line":266,"column":9},"end":{"line":274,"column":5}},"type":"if","locations":[{"start":{"line":266,"column":9},"end":{"line":274,"column":5}},{"start":{"line":268,"column":11},"end":{"line":274,"column":5}}]},"24":{"loc":{"start":{"line":266,"column":13},"end":{"line":266,"column":50}},"type":"binary-expr","locations":[{"start":{"line":266,"column":13},"end":{"line":266,"column":29}},{"start":{"line":266,"column":33},"end":{"line":266,"column":50}}]},"25":{"loc":{"start":{"line":268,"column":11},"end":{"line":274,"column":5}},"type":"if","locations":[{"start":{"line":268,"column":11},"end":{"line":274,"column":5}},{"start":{"line":270,"column":11},"end":{"line":274,"column":5}}]},"26":{"loc":{"start":{"line":268,"column":15},"end":{"line":268,"column":52}},"type":"binary-expr","locations":[{"start":{"line":268,"column":15},"end":{"line":268,"column":31}},{"start":{"line":268,"column":35},"end":{"line":268,"column":52}}]},"27":{"loc":{"start":{"line":270,"column":11},"end":{"line":274,"column":5}},"type":"if","locations":[{"start":{"line":270,"column":11},"end":{"line":274,"column":5}},{"start":{"line":272,"column":11},"end":{"line":274,"column":5}}]},"28":{"loc":{"start":{"line":270,"column":15},"end":{"line":270,"column":52}},"type":"binary-expr","locations":[{"start":{"line":270,"column":15},"end":{"line":270,"column":31}},{"start":{"line":270,"column":35},"end":{"line":270,"column":52}}]},"29":{"loc":{"start":{"line":279,"column":4},"end":{"line":279,"column":47}},"type":"if","locations":[{"start":{"line":279,"column":4},"end":{"line":279,"column":47}}]},"30":{"loc":{"start":{"line":279,"column":8},"end":{"line":279,"column":38}},"type":"binary-expr","locations":[{"start":{"line":279,"column":8},"end":{"line":279,"column":16}},{"start":{"line":279,"column":20},"end":{"line":279,"column":38}}]},"31":{"loc":{"start":{"line":282,"column":8},"end":{"line":291,"column":9}},"type":"if","locations":[{"start":{"line":282,"column":8},"end":{"line":291,"column":9}},{"start":{"line":284,"column":15},"end":{"line":291,"column":9}}]},"32":{"loc":{"start":{"line":282,"column":11},"end":{"line":282,"column":114}},"type":"binary-expr","locations":[{"start":{"line":282,"column":11},"end":{"line":282,"column":38}},{"start":{"line":282,"column":41},"end":{"line":282,"column":62}},{"start":{"line":282,"column":66},"end":{"line":282,"column":86}},{"start":{"line":282,"column":90},"end":{"line":282,"column":114}}]},"33":{"loc":{"start":{"line":284,"column":15},"end":{"line":291,"column":9}},"type":"if","locations":[{"start":{"line":284,"column":15},"end":{"line":291,"column":9}},{"start":{"line":286,"column":15},"end":{"line":291,"column":9}}]},"34":{"loc":{"start":{"line":286,"column":15},"end":{"line":291,"column":9}},"type":"if","locations":[{"start":{"line":286,"column":15},"end":{"line":291,"column":9}},{"start":{"line":289,"column":15},"end":{"line":291,"column":9}}]},"35":{"loc":{"start":{"line":317,"column":8},"end":{"line":348,"column":9}},"type":"if","locations":[{"start":{"line":317,"column":8},"end":{"line":348,"column":9}},{"start":{"line":328,"column":15},"end":{"line":348,"column":9}}]},"36":{"loc":{"start":{"line":317,"column":12},"end":{"line":317,"column":58}},"type":"binary-expr","locations":[{"start":{"line":317,"column":12},"end":{"line":317,"column":29}},{"start":{"line":317,"column":33},"end":{"line":317,"column":58}}]},"37":{"loc":{"start":{"line":320,"column":16},"end":{"line":326,"column":17}},"type":"if","locations":[{"start":{"line":320,"column":16},"end":{"line":326,"column":17}}]},"38":{"loc":{"start":{"line":320,"column":20},"end":{"line":320,"column":67}},"type":"binary-expr","locations":[{"start":{"line":320,"column":20},"end":{"line":320,"column":37}},{"start":{"line":320,"column":41},"end":{"line":320,"column":67}}]},"39":{"loc":{"start":{"line":321,"column":20},"end":{"line":325,"column":21}},"type":"if","locations":[{"start":{"line":321,"column":20},"end":{"line":325,"column":21}},{"start":{"line":323,"column":27},"end":{"line":325,"column":21}}]},"40":{"loc":{"start":{"line":321,"column":24},"end":{"line":321,"column":112}},"type":"binary-expr","locations":[{"start":{"line":321,"column":24},"end":{"line":321,"column":41}},{"start":{"line":321,"column":45},"end":{"line":321,"column":112}}]},"41":{"loc":{"start":{"line":323,"column":27},"end":{"line":325,"column":21}},"type":"if","locations":[{"start":{"line":323,"column":27},"end":{"line":325,"column":21}}]},"42":{"loc":{"start":{"line":330,"column":12},"end":{"line":337,"column":13}},"type":"if","locations":[{"start":{"line":330,"column":12},"end":{"line":337,"column":13}},{"start":{"line":332,"column":19},"end":{"line":337,"column":13}}]},"43":{"loc":{"start":{"line":333,"column":23},"end":{"line":333,"column":148}},"type":"binary-expr","locations":[{"start":{"line":333,"column":23},"end":{"line":333,"column":39}},{"start":{"line":333,"column":43},"end":{"line":333,"column":148}}]},"44":{"loc":{"start":{"line":340,"column":16},"end":{"line":346,"column":17}},"type":"if","locations":[{"start":{"line":340,"column":16},"end":{"line":346,"column":17}}]},"45":{"loc":{"start":{"line":340,"column":20},"end":{"line":340,"column":67}},"type":"binary-expr","locations":[{"start":{"line":340,"column":20},"end":{"line":340,"column":37}},{"start":{"line":340,"column":41},"end":{"line":340,"column":67}}]},"46":{"loc":{"start":{"line":341,"column":20},"end":{"line":345,"column":21}},"type":"if","locations":[{"start":{"line":341,"column":20},"end":{"line":345,"column":21}},{"start":{"line":343,"column":27},"end":{"line":345,"column":21}}]},"47":{"loc":{"start":{"line":343,"column":27},"end":{"line":345,"column":21}},"type":"if","locations":[{"start":{"line":343,"column":27},"end":{"line":345,"column":21}}]},"48":{"loc":{"start":{"line":355,"column":8},"end":{"line":386,"column":9}},"type":"if","locations":[{"start":{"line":355,"column":8},"end":{"line":386,"column":9}},{"start":{"line":366,"column":15},"end":{"line":386,"column":9}}]},"49":{"loc":{"start":{"line":355,"column":12},"end":{"line":355,"column":58}},"type":"binary-expr","locations":[{"start":{"line":355,"column":12},"end":{"line":355,"column":29}},{"start":{"line":355,"column":33},"end":{"line":355,"column":58}}]},"50":{"loc":{"start":{"line":358,"column":16},"end":{"line":364,"column":17}},"type":"if","locations":[{"start":{"line":358,"column":16},"end":{"line":364,"column":17}}]},"51":{"loc":{"start":{"line":358,"column":20},"end":{"line":358,"column":67}},"type":"binary-expr","locations":[{"start":{"line":358,"column":20},"end":{"line":358,"column":37}},{"start":{"line":358,"column":41},"end":{"line":358,"column":67}}]},"52":{"loc":{"start":{"line":359,"column":20},"end":{"line":363,"column":21}},"type":"if","locations":[{"start":{"line":359,"column":20},"end":{"line":363,"column":21}},{"start":{"line":361,"column":27},"end":{"line":363,"column":21}}]},"53":{"loc":{"start":{"line":359,"column":24},"end":{"line":359,"column":112}},"type":"binary-expr","locations":[{"start":{"line":359,"column":24},"end":{"line":359,"column":41}},{"start":{"line":359,"column":45},"end":{"line":359,"column":112}}]},"54":{"loc":{"start":{"line":361,"column":27},"end":{"line":363,"column":21}},"type":"if","locations":[{"start":{"line":361,"column":27},"end":{"line":363,"column":21}}]},"55":{"loc":{"start":{"line":368,"column":12},"end":{"line":375,"column":13}},"type":"if","locations":[{"start":{"line":368,"column":12},"end":{"line":375,"column":13}},{"start":{"line":370,"column":19},"end":{"line":375,"column":13}}]},"56":{"loc":{"start":{"line":371,"column":23},"end":{"line":371,"column":148}},"type":"binary-expr","locations":[{"start":{"line":371,"column":23},"end":{"line":371,"column":39}},{"start":{"line":371,"column":43},"end":{"line":371,"column":148}}]},"57":{"loc":{"start":{"line":378,"column":16},"end":{"line":384,"column":17}},"type":"if","locations":[{"start":{"line":378,"column":16},"end":{"line":384,"column":17}}]},"58":{"loc":{"start":{"line":378,"column":20},"end":{"line":378,"column":67}},"type":"binary-expr","locations":[{"start":{"line":378,"column":20},"end":{"line":378,"column":37}},{"start":{"line":378,"column":41},"end":{"line":378,"column":67}}]},"59":{"loc":{"start":{"line":379,"column":20},"end":{"line":383,"column":21}},"type":"if","locations":[{"start":{"line":379,"column":20},"end":{"line":383,"column":21}},{"start":{"line":381,"column":27},"end":{"line":383,"column":21}}]},"60":{"loc":{"start":{"line":381,"column":27},"end":{"line":383,"column":21}},"type":"if","locations":[{"start":{"line":381,"column":27},"end":{"line":383,"column":21}}]},"61":{"loc":{"start":{"line":406,"column":8},"end":{"line":425,"column":9}},"type":"if","locations":[{"start":{"line":406,"column":8},"end":{"line":425,"column":9}}]},"62":{"loc":{"start":{"line":430,"column":8},"end":{"line":449,"column":9}},"type":"if","locations":[{"start":{"line":430,"column":8},"end":{"line":449,"column":9}}]},"63":{"loc":{"start":{"line":592,"column":12},"end":{"line":592,"column":134}},"type":"cond-expr","locations":[{"start":{"line":592,"column":101},"end":{"line":592,"column":103}},{"start":{"line":592,"column":101},"end":{"line":592,"column":134}}]},"64":{"loc":{"start":{"line":592,"column":12},"end":{"line":592,"column":103}},"type":"binary-expr","locations":[{"start":{"line":592,"column":12},"end":{"line":592,"column":103}},{"start":{"line":592,"column":101},"end":{"line":592,"column":103}}]},"65":{"loc":{"start":{"line":592,"column":12},"end":{"line":592,"column":101}},"type":"cond-expr","locations":[{"start":{"line":592,"column":58},"end":{"line":592,"column":61}},{"start":{"line":592,"column":58},"end":{"line":592,"column":101}}]},"66":{"loc":{"start":{"line":592,"column":12},"end":{"line":592,"column":61}},"type":"binary-expr","locations":[{"start":{"line":592,"column":12},"end":{"line":592,"column":61}},{"start":{"line":592,"column":58},"end":{"line":592,"column":61}}]},"67":{"loc":{"start":{"line":598,"column":12},"end":{"line":598,"column":134}},"type":"cond-expr","locations":[{"start":{"line":598,"column":101},"end":{"line":598,"column":103}},{"start":{"line":598,"column":101},"end":{"line":598,"column":134}}]},"68":{"loc":{"start":{"line":598,"column":12},"end":{"line":598,"column":103}},"type":"binary-expr","locations":[{"start":{"line":598,"column":12},"end":{"line":598,"column":103}},{"start":{"line":598,"column":101},"end":{"line":598,"column":103}}]},"69":{"loc":{"start":{"line":598,"column":12},"end":{"line":598,"column":101}},"type":"cond-expr","locations":[{"start":{"line":598,"column":58},"end":{"line":598,"column":61}},{"start":{"line":598,"column":58},"end":{"line":598,"column":101}}]},"70":{"loc":{"start":{"line":598,"column":12},"end":{"line":598,"column":61}},"type":"binary-expr","locations":[{"start":{"line":598,"column":12},"end":{"line":598,"column":61}},{"start":{"line":598,"column":58},"end":{"line":598,"column":61}}]},"71":{"loc":{"start":{"line":604,"column":12},"end":{"line":604,"column":134}},"type":"cond-expr","locations":[{"start":{"line":604,"column":101},"end":{"line":604,"column":103}},{"start":{"line":604,"column":101},"end":{"line":604,"column":134}}]},"72":{"loc":{"start":{"line":604,"column":12},"end":{"line":604,"column":103}},"type":"binary-expr","locations":[{"start":{"line":604,"column":12},"end":{"line":604,"column":103}},{"start":{"line":604,"column":101},"end":{"line":604,"column":103}}]},"73":{"loc":{"start":{"line":604,"column":12},"end":{"line":604,"column":101}},"type":"cond-expr","locations":[{"start":{"line":604,"column":58},"end":{"line":604,"column":61}},{"start":{"line":604,"column":58},"end":{"line":604,"column":101}}]},"74":{"loc":{"start":{"line":604,"column":12},"end":{"line":604,"column":61}},"type":"binary-expr","locations":[{"start":{"line":604,"column":12},"end":{"line":604,"column":61}},{"start":{"line":604,"column":58},"end":{"line":604,"column":61}}]}},"s":{"0":13,"1":13,"2":13,"3":13,"4":13,"5":13,"6":13,"7":13,"8":13,"9":13,"10":2,"11":2,"12":2,"13":2,"14":20,"15":29,"16":29,"17":7,"18":2,"19":2,"20":2,"21":20,"22":80,"23":80,"24":20,"25":20,"26":2,"27":13,"28":80,"29":80,"30":80,"31":29,"32":29,"33":29,"34":7,"35":7,"36":80,"37":20,"38":20,"39":20,"40":5,"41":5,"42":5,"43":5,"44":5,"45":15,"46":3,"47":3,"48":3,"49":3,"50":3,"51":12,"52":12,"53":8,"54":8,"55":13,"56":56,"57":56,"58":308,"59":56,"60":28,"61":154,"62":0,"63":154,"64":2,"65":2,"66":2,"67":2,"68":2,"69":2,"70":20,"71":2,"72":2,"73":2,"74":20,"75":2,"76":2,"77":2,"78":2,"79":2,"80":2,"81":2,"82":2,"83":2,"84":14,"85":14,"86":14,"87":14,"88":14,"89":14,"90":14,"91":14,"92":14,"93":14,"94":14,"95":2,"96":2,"97":2,"98":3,"99":2,"100":2,"101":3,"102":3,"103":3,"104":3,"105":3,"106":21,"107":21,"108":21,"109":21,"110":21,"111":21,"112":7,"113":7,"114":7,"115":70,"116":14,"117":4,"118":2,"119":4,"120":40,"121":10,"122":10,"123":5,"124":5,"125":10,"126":100,"127":100,"128":10,"129":10,"130":10,"131":10,"132":3,"133":1,"134":2,"135":36,"136":0,"137":36,"138":7,"139":29,"140":11,"141":18,"142":9,"143":9,"144":154,"145":0,"146":154,"147":154,"148":154,"149":90,"150":64,"151":8,"152":56,"153":9,"154":9,"155":47,"156":14,"157":14,"158":14,"159":14,"160":14,"161":14,"162":14,"163":14,"164":14,"165":14,"166":14,"167":14,"168":10,"169":10,"170":20,"171":20,"172":3,"173":1,"174":2,"175":2,"176":4,"177":4,"178":3,"179":1,"180":1,"181":1,"182":4,"183":4,"184":7,"185":7,"186":4,"187":2,"188":2,"189":1,"190":14,"191":140,"192":140,"193":140,"194":140,"195":127,"196":127,"197":254,"198":254,"199":17,"200":6,"201":11,"202":10,"203":13,"204":13,"205":11,"206":2,"207":2,"208":2,"209":13,"210":13,"211":24,"212":24,"213":7,"214":3,"215":4,"216":3,"217":14,"218":14,"219":14,"220":14,"221":14,"222":14,"223":14,"224":14,"225":14,"226":14,"227":14,"228":14,"229":140,"230":140,"231":140,"232":14,"233":140,"234":140,"235":140,"236":140,"237":14,"238":14,"239":14,"240":14,"241":14,"242":14,"243":14,"244":14,"245":14,"246":3,"247":9,"248":9,"249":9,"250":3,"251":1,"252":1,"253":1,"254":3,"255":7,"256":14,"257":11,"258":8,"259":8,"260":8,"261":11,"262":4,"263":4,"264":4,"265":14,"266":1,"267":4,"268":14,"269":2,"270":2,"271":14,"272":1,"273":1},"f":{"0":2,"1":29,"2":7,"3":2,"4":80,"5":29,"6":7,"7":80,"8":20,"9":56,"10":28,"11":2,"12":20,"13":2,"14":20,"15":2,"16":3,"17":36,"18":154,"19":14,"20":14,"21":14,"22":0,"23":14,"24":14},"b":{"0":[29],"1":[0,29],"2":[29,29],"3":[0,29],"4":[29,29],"5":[0,7],"6":[7,7],"7":[20],"8":[7],"9":[7,7],"10":[5,15],"11":[3,12],"12":[0],"13":[7,14],"14":[21,11],"15":[4,10],"16":[14,4],"17":[10],"18":[5,0],"19":[10],"20":[1],"21":[0,36],"22":[36,36],"23":[7,29],"24":[36,16],"25":[11,18],"26":[29,20],"27":[9,9],"28":[18,9],"29":[0],"30":[154,154],"31":[90,64],"32":[154,154,75,75],"33":[8,56],"34":[9,47],"35":[10,4],"36":[14,4],"37":[3],"38":[20,8],"39":[1,2],"40":[3,1],"41":[2],"42":[3,1],"43":[2,2],"44":[4],"45":[7,5],"46":[2,2],"47":[1],"48":[127,13],"49":[140,13],"50":[17],"51":[254,74],"52":[6,11],"53":[17,7],"54":[10],"55":[11,2],"56":[4,4],"57":[7],"58":[24,10],"59":[3,4],"60":[3],"61":[14],"62":[140],"63":[0,4],"64":[4,4],"65":[0,4],"66":[4,4],"67":[0,2],"68":[2,2],"69":[0,2],"70":[2,2],"71":[0,1],"72":[1,1],"73":[0,1],"74":[1,1]}}
,"/home/nyi/CPEN321Project/Backend/src/utils/crypto_functions.ts": {"path":"/home/nyi/CPEN321Project/Backend/src/utils/crypto_functions.ts","statementMap":{"0":{"start":{"line":10,"column":0},"end":{"line":10,"column":22}},"1":{"start":{"line":36,"column":0},"end":{"line":36,"column":22}},"2":{"start":{"line":56,"column":0},"end":{"line":56,"column":22}},"3":{"start":{"line":2,"column":0},"end":{"line":2,"column":48}},"4":{"start":{"line":3,"column":0},"end":{"line":3,"column":20}},"5":{"start":{"line":4,"column":0},"end":{"line":4,"column":24}},"6":{"start":{"line":6,"column":21},"end":{"line":6,"column":103}},"7":{"start":{"line":7,"column":0},"end":{"line":7,"column":null}},"8":{"start":{"line":11,"column":20},"end":{"line":11,"column":37}},"9":{"start":{"line":12,"column":17},"end":{"line":12,"column":45}},"10":{"start":{"line":13,"column":20},"end":{"line":18,"column":null}},"11":{"start":{"line":21,"column":4},"end":{"line":32,"column":6}},"12":{"start":{"line":37,"column":20},"end":{"line":37,"column":37}},"13":{"start":{"line":38,"column":23},"end":{"line":38,"column":43}},"14":{"start":{"line":40,"column":15},"end":{"line":40,"column":57}},"15":{"start":{"line":42,"column":26},"end":{"line":45,"column":null}},"16":{"start":{"line":48,"column":25},"end":{"line":48,"column":81}},"17":{"start":{"line":49,"column":4},"end":{"line":49,"column":28}},"18":{"start":{"line":50,"column":4},"end":{"line":50,"column":67}},"19":{"start":{"line":52,"column":4},"end":{"line":52,"column":54}},"20":{"start":{"line":57,"column":20},"end":{"line":57,"column":37}},"21":{"start":{"line":58,"column":26},"end":{"line":58,"column":84}},"22":{"start":{"line":58,"column":68},"end":{"line":58,"column":83}},"23":{"start":{"line":60,"column":15},"end":{"line":60,"column":41}},"24":{"start":{"line":61,"column":17},"end":{"line":61,"column":40}},"25":{"start":{"line":63,"column":26},"end":{"line":66,"column":null}},"26":{"start":{"line":69,"column":4},"end":{"line":69,"column":41}}},"fnMap":{"0":{"name":"deriveKey","decl":{"start":{"line":10,"column":22},"end":{"line":10,"column":31}},"loc":{"start":{"line":10,"column":51},"end":{"line":33,"column":null}}},"1":{"name":"encryptData","decl":{"start":{"line":36,"column":22},"end":{"line":36,"column":33}},"loc":{"start":{"line":36,"column":62},"end":{"line":53,"column":null}}},"2":{"name":"decryptData","decl":{"start":{"line":56,"column":22},"end":{"line":56,"column":33}},"loc":{"start":{"line":56,"column":71},"end":{"line":70,"column":null}}},"3":{"name":"(anonymous_14)","decl":{"start":{"line":58,"column":63},"end":{"line":58,"column":64}},"loc":{"start":{"line":58,"column":68},"end":{"line":58,"column":83}}}},"branchMap":{},"s":{"0":14,"1":14,"2":14,"3":14,"4":14,"5":14,"6":14,"7":13,"8":0,"9":0,"10":0,"11":0,"12":0,"13":0,"14":0,"15":0,"16":0,"17":0,"18":0,"19":0,"20":0,"21":0,"22":0,"23":0,"24":0,"25":0,"26":0},"f":{"0":0,"1":0,"2":0,"3":0},"b":{}}
}
