TN:
SF:index.ts
FN:35,(anonymous_8)
FN:53,(anonymous_9)
FN:55,(anonymous_10)
FN:64,(anonymous_11)
FN:64,(anonymous_12)
FN:84,(anonymous_13)
FN:89,(anonymous_14)
FN:97,(anonymous_15)
FN:100,(anonymous_16)
FN:104,(anonymous_17)
FN:105,(anonymous_18)
FN:115,(anonymous_19)
FN:120,(anonymous_20)
FN:132,(anonymous_21)
FN:132,(anonymous_22)
FN:176,(anonymous_23)
FN:176,(anonymous_24)
FN:200,handlePaymentIntentSucceeded
FN:232,scheduleNotifications
FN:233,(anonymous_29)
FN:233,(anonymous_30)
FN:249,(anonymous_31)
FN:271,(anonymous_32)
FN:272,(anonymous_33)
FN:282,stopCronJob
FNF:25
FNH:15
FNDA:13,(anonymous_8)
FNDA:143,(anonymous_9)
FNDA:53,(anonymous_10)
FNDA:20,(anonymous_11)
FNDA:20,(anonymous_12)
FNDA:1,(anonymous_13)
FNDA:1,(anonymous_14)
FNDA:0,(anonymous_15)
FNDA:0,(anonymous_16)
FNDA:0,(anonymous_17)
FNDA:0,(anonymous_18)
FNDA:1,(anonymous_19)
FNDA:13,(anonymous_20)
FNDA:7,(anonymous_21)
FNDA:7,(anonymous_22)
FNDA:5,(anonymous_23)
FNDA:5,(anonymous_24)
FNDA:3,handlePaymentIntentSucceeded
FNDA:0,scheduleNotifications
FNDA:0,(anonymous_29)
FNDA:0,(anonymous_30)
FNDA:0,(anonymous_31)
FNDA:0,(anonymous_32)
FNDA:0,(anonymous_33)
FNDA:2,stopCronJob
DA:1,14
DA:2,14
DA:3,14
DA:6,14
DA:7,14
DA:8,13
DA:9,13
DA:10,13
DA:11,13
DA:12,13
DA:13,13
DA:14,13
DA:15,13
DA:17,13
DA:20,13
DA:23,13
DA:24,13
DA:27,13
DA:28,0
DA:29,0
DA:35,13
DA:36,13
DA:37,13
DA:39,1
DA:40,1
DA:44,13
DA:45,0
DA:48,13
DA:50,13
DA:53,13
DA:55,143
DA:56,53
DA:57,53
DA:58,5
DA:60,48
DA:64,143
DA:65,20
DA:66,20
DA:68,0
DA:69,0
DA:74,143
DA:84,13
DA:85,1
DA:89,13
DA:90,1
DA:93,13
DA:96,13
DA:97,0
DA:98,0
DA:100,0
DA:101,0
DA:104,0
DA:106,0
DA:107,0
DA:111,13
DA:113,13
DA:115,13
DA:116,1
DA:120,13
DA:124,13
DA:132,13
DA:133,7
DA:134,7
DA:135,7
DA:138,7
DA:139,6
DA:142,6
DA:148,5
DA:156,3
DA:165,4
DA:166,4
DA:176,13
DA:177,5
DA:178,5
DA:180,5
DA:181,5
DA:183,3
DA:184,3
DA:185,3
DA:186,2
DA:188,2
DA:191,4
DA:193,1
DA:194,1
DA:195,1
DA:201,3
DA:202,3
DA:203,3
DA:205,2
DA:209,2
DA:210,2
DA:211,2
DA:216,1
DA:217,0
DA:220,1
DA:222,1
DA:223,1
DA:225,1
DA:232,14
DA:233,0
DA:234,0
DA:235,0
DA:236,0
DA:237,0
DA:238,0
DA:240,0
DA:241,0
DA:242,0
DA:244,0
DA:245,0
DA:247,0
DA:249,0
DA:250,0
DA:251,0
DA:253,0
DA:258,0
DA:260,0
DA:270,0
DA:271,0
DA:272,0
DA:276,0
DA:282,14
DA:283,2
DA:287,13
DA:288,0
DA:292,13
LF:126
LH:90
BRDA:27,0,0,0
BRDA:40,1,0,1
BRDA:40,1,1,0
BRDA:44,2,0,0
BRDA:57,3,0,5
BRDA:96,4,0,0
BRDA:139,5,0,0
BRDA:139,6,0,0
BRDA:139,6,1,6
BRDA:139,7,0,6
BRDA:139,7,1,6
BRDA:181,8,0,3
BRDA:181,8,1,2
BRDA:193,9,0,1
BRDA:203,10,0,2
BRDA:216,11,0,0
BRDA:222,12,0,1
BRDA:253,13,0,0
BRDA:254,14,0,0
BRDA:254,14,1,0
BRDA:254,14,2,0
BRDA:283,15,0,0
BRDA:287,16,0,0
BRF:23
BRH:10
end_of_record
TN:
SF:src/controllers/AnalysisController.ts
FN:7,(anonymous_7)
FNF:1
FNH:1
FNDA:6,(anonymous_7)
DA:2,13
DA:3,13
DA:4,13
DA:6,13
DA:8,6
DA:9,6
DA:10,6
DA:11,6
DA:12,6
DA:14,6
DA:15,60
DA:18,6
DA:19,6
DA:20,1
DA:23,5
DA:24,5
DA:25,4
DA:26,1
DA:29,3
DA:31,3
DA:33,3
DA:34,3
DA:35,3
DA:36,2
DA:39,1
DA:41,3
DA:43,1
LF:27
LH:27
BRDA:19,0,0,1
BRDA:25,1,0,1
BRDA:29,2,0,3
BRDA:29,2,1,1
BRDA:35,3,0,2
BRDA:35,3,1,1
BRF:6
BRH:6
end_of_record
TN:
SF:src/controllers/JournalController.ts
FN:43,(anonymous_8)
FN:44,(anonymous_9)
FN:56,getEmbeddings
FN:63,(anonymous_12)
FN:129,(anonymous_13)
FN:142,getGoogleNumID
FN:163,(anonymous_16)
FN:205,(anonymous_18)
FN:205,(anonymous_19)
FN:246,(anonymous_20)
FN:261,(anonymous_22)
FN:261,(anonymous_23)
FN:271,(anonymous_24)
FN:293,(anonymous_26)
FN:293,(anonymous_27)
FN:337,(anonymous_28)
FN:349,(anonymous_30)
FN:374,(anonymous_32)
FN:374,(anonymous_33)
FN:376,(anonymous_34)
FNF:20
FNH:0
FNDA:0,(anonymous_8)
FNDA:0,(anonymous_9)
FNDA:0,getEmbeddings
FNDA:0,(anonymous_12)
FNDA:0,(anonymous_13)
FNDA:0,getGoogleNumID
FNDA:0,(anonymous_16)
FNDA:0,(anonymous_18)
FNDA:0,(anonymous_19)
FNDA:0,(anonymous_20)
FNDA:0,(anonymous_22)
FNDA:0,(anonymous_23)
FNDA:0,(anonymous_24)
FNDA:0,(anonymous_26)
FNDA:0,(anonymous_27)
FNDA:0,(anonymous_28)
FNDA:0,(anonymous_30)
FNDA:0,(anonymous_32)
FNDA:0,(anonymous_33)
FNDA:0,(anonymous_34)
DA:2,14
DA:3,14
DA:4,14
DA:5,14
DA:6,14
DA:7,14
DA:8,14
DA:9,14
DA:10,13
DA:12,13
DA:14,13
DA:15,0
DA:16,0
DA:20,13
DA:21,13
DA:23,13
DA:24,13
DA:25,13
DA:44,0
DA:45,0
DA:46,0
DA:62,0
DA:63,0
DA:64,0
DA:67,0
DA:69,0
DA:70,0
DA:71,0
DA:73,0
DA:74,0
DA:75,0
DA:93,0
DA:94,0
DA:95,0
DA:96,0
DA:99,0
DA:100,0
DA:101,0
DA:103,0
DA:104,0
DA:106,0
DA:107,0
DA:108,0
DA:109,0
DA:111,0
DA:112,0
DA:115,0
DA:116,0
DA:118,0
DA:120,0
DA:123,0
DA:125,0
DA:126,0
DA:127,0
DA:128,0
DA:129,0
DA:131,0
DA:133,0
DA:136,13
DA:143,0
DA:145,0
DA:146,0
DA:149,0
DA:151,0
DA:153,0
DA:154,0
DA:156,0
DA:157,0
DA:159,0
DA:162,13
DA:164,0
DA:166,0
DA:167,0
DA:168,0
DA:172,0
DA:173,0
DA:175,0
DA:178,0
DA:179,0
DA:182,0
DA:186,0
DA:187,0
DA:189,0
DA:190,0
DA:195,0
DA:196,0
DA:199,0
DA:204,0
DA:205,0
DA:208,0
DA:210,0
DA:211,0
DA:212,0
DA:213,0
DA:216,0
DA:219,0
DA:220,0
DA:234,0
DA:240,0
DA:241,0
DA:247,0
DA:249,0
DA:250,0
DA:251,0
DA:254,0
DA:256,0
DA:259,0
DA:260,0
DA:261,0
DA:264,0
DA:272,0
DA:275,0
DA:278,0
DA:279,0
DA:281,0
DA:282,0
DA:284,0
DA:287,0
DA:288,0
DA:291,0
DA:292,0
DA:293,0
DA:295,0
DA:296,0
DA:304,0
DA:305,0
DA:306,0
DA:309,0
DA:311,0
DA:313,0
DA:322,0
DA:323,0
DA:330,0
DA:338,0
DA:340,0
DA:343,0
DA:350,0
DA:352,0
DA:355,0
DA:356,0
DA:360,0
DA:363,0
DA:366,0
DA:367,0
DA:371,0
DA:372,0
DA:373,0
DA:374,0
DA:375,0
DA:376,0
DA:381,0
DA:382,0
DA:383,0
DA:384,0
DA:386,0
DA:388,0
DA:389,0
DA:390,0
DA:391,0
DA:393,0
DA:394,0
DA:395,0
DA:396,0
DA:398,0
DA:399,0
DA:400,0
DA:401,0
DA:404,0
DA:412,0
DA:421,0
DA:424,0
DA:425,0
DA:428,0
DA:431,0
DA:432,0
DA:434,0
DA:439,0
DA:440,0
DA:441,0
DA:444,0
DA:445,0
DA:447,0
DA:449,0
DA:450,0
DA:451,0
DA:452,0
DA:454,0
DA:455,0
DA:459,0
DA:460,0
DA:463,0
DA:464,0
DA:467,0
DA:468,0
DA:470,0
DA:471,0
DA:472,0
DA:475,0
DA:476,0
DA:477,0
DA:481,0
DA:482,0
DA:483,0
DA:484,0
DA:488,0
DA:496,0
DA:499,0
DA:500,0
DA:505,0
DA:507,0
DA:508,0
DA:509,0
DA:512,0
DA:513,0
LF:214
LH:18
BRDA:12,0,0,13
BRDA:12,0,1,0
BRDA:14,1,0,0
BRDA:45,2,0,0
BRDA:62,3,0,0
BRDA:62,3,1,0
BRDA:73,4,0,0
BRDA:73,4,1,0
BRDA:95,5,0,0
BRDA:107,6,0,0
BRDA:107,6,1,0
BRDA:115,7,0,0
BRDA:115,7,1,0
BRDA:116,8,0,0
BRDA:116,8,1,0
BRDA:125,9,0,0
BRDA:125,9,1,0
BRDA:149,10,0,0
BRDA:149,10,1,0
BRDA:151,11,0,0
BRDA:151,11,1,0
BRDA:151,12,0,0
BRDA:151,12,1,0
BRDA:159,13,0,0
BRDA:159,13,1,0
BRDA:167,14,0,0
BRDA:178,15,0,0
BRDA:195,16,0,0
BRDA:195,16,1,0
BRDA:199,17,0,0
BRDA:199,17,1,0
BRDA:204,18,0,0
BRDA:204,18,1,0
BRDA:208,19,0,0
BRDA:208,19,1,0
BRDA:212,20,0,0
BRDA:216,21,0,0
BRDA:216,21,1,0
BRDA:235,22,0,0
BRDA:235,22,1,0
BRDA:250,23,0,0
BRDA:259,24,0,0
BRDA:260,25,0,0
BRDA:260,25,1,0
BRDA:261,26,0,0
BRDA:261,26,1,0
BRDA:265,27,0,0
BRDA:265,27,1,0
BRDA:279,28,0,0
BRDA:287,29,0,0
BRDA:293,30,0,0
BRDA:293,30,1,0
BRDA:295,31,0,0
BRDA:295,31,1,0
BRDA:295,32,0,0
BRDA:295,32,1,0
BRDA:295,32,2,0
BRDA:304,33,0,0
BRDA:304,33,1,0
BRDA:304,34,0,0
BRDA:304,34,1,0
BRDA:311,35,0,0
BRDA:311,35,1,0
BRDA:355,36,0,0
BRDA:366,37,0,0
BRDA:366,38,0,0
BRDA:366,38,1,0
BRDA:372,39,0,0
BRDA:372,39,1,0
BRDA:373,40,0,0
BRDA:373,40,1,0
BRDA:373,41,0,0
BRDA:373,41,1,0
BRDA:386,42,0,0
BRDA:386,42,1,0
BRDA:393,43,0,0
BRDA:432,44,0,0
BRDA:432,45,0,0
BRDA:432,45,1,0
BRDA:439,46,0,0
BRDA:439,46,1,0
BRDA:445,47,0,0
BRDA:449,48,0,0
BRDA:449,48,1,0
BRDA:451,49,0,0
BRDA:451,49,1,0
BRDA:451,50,0,0
BRDA:451,50,1,0
BRDA:459,51,0,0
BRDA:470,52,0,0
BRDA:475,53,0,0
BRDA:481,54,0,0
BRF:92
BRH:1
end_of_record
TN:
SF:src/controllers/UserController.ts
FN:34,(anonymous_8)
FN:35,(anonymous_9)
FN:71,(anonymous_10)
FN:108,(anonymous_12)
FN:219,(anonymous_14)
FN:242,(anonymous_16)
FN:299,(anonymous_18)
FNF:7
FNH:7
FNDA:1,(anonymous_8)
FNDA:1,(anonymous_9)
FNDA:2,(anonymous_10)
FNDA:8,(anonymous_12)
FNDA:3,(anonymous_14)
FNDA:3,(anonymous_16)
FNDA:3,(anonymous_18)
DA:2,14
DA:4,14
DA:5,14
DA:6,14
DA:9,14
DA:10,12
DA:14,12
DA:15,0
DA:16,0
DA:18,12
DA:19,12
DA:23,12
DA:27,11
DA:30,1
DA:34,14
DA:35,1
DA:37,1
DA:42,1
DA:43,0
DA:47,1
DA:48,1
DA:49,1
DA:52,1
DA:53,0
DA:56,1
DA:57,1
DA:61,1
DA:62,1
DA:63,1
DA:64,1
DA:66,1
DA:70,14
DA:72,2
DA:74,2
DA:75,0
DA:78,2
DA:80,2
DA:82,1
DA:83,0
DA:87,1
DA:99,1
DA:102,1
DA:103,1
DA:115,8
DA:120,8
DA:121,0
DA:129,8
DA:130,8
DA:131,0
DA:132,0
DA:134,8
DA:138,0
DA:139,0
DA:143,0
DA:144,0
DA:145,0
DA:149,0
DA:150,0
DA:156,0
DA:163,0
DA:165,0
DA:167,0
DA:169,0
DA:173,0
DA:175,0
DA:176,0
DA:177,0
DA:179,0
DA:185,0
DA:192,0
DA:203,0
DA:205,0
DA:206,0
DA:208,0
DA:212,0
DA:213,0
DA:220,3
DA:222,3
DA:224,3
DA:226,2
DA:228,1
DA:232,1
DA:234,1
DA:236,1
DA:237,1
DA:243,3
DA:245,3
DA:247,3
DA:249,2
DA:250,1
DA:253,1
DA:254,1
DA:255,1
DA:258,1
DA:264,1
DA:267,1
DA:268,1
DA:270,1
DA:271,1
DA:274,1
DA:286,1
DA:287,1
DA:289,0
DA:292,1
DA:293,1
DA:300,3
DA:302,3
DA:303,1
DA:306,2
DA:307,2
DA:313,1
DA:314,1
DA:316,0
DA:319,1
DA:320,1
LF:115
LH:79
BRDA:9,0,0,12
BRDA:14,1,0,0
BRDA:14,1,1,12
BRDA:42,2,0,0
BRDA:52,3,0,0
BRDA:74,4,0,0
BRDA:82,5,0,0
BRDA:88,6,0,1
BRDA:88,6,1,1
BRDA:89,7,0,1
BRDA:89,7,1,1
BRDA:90,8,0,1
BRDA:90,8,1,1
BRDA:91,9,0,1
BRDA:91,9,1,1
BRDA:92,10,0,1
BRDA:92,10,1,1
BRDA:93,11,0,1
BRDA:93,11,1,1
BRDA:94,12,0,1
BRDA:94,12,1,1
BRDA:95,13,0,1
BRDA:95,13,1,1
BRDA:96,14,0,1
BRDA:96,14,1,0
BRDA:120,15,0,0
BRDA:138,16,0,0
BRDA:138,17,0,0
BRDA:138,17,1,0
BRDA:143,18,0,0
BRDA:144,19,0,0
BRDA:150,20,0,0
BRDA:151,21,0,0
BRDA:151,21,1,0
BRDA:151,21,2,0
BRDA:151,21,3,0
BRDA:167,22,0,0
BRDA:167,22,1,0
BRDA:173,23,0,0
BRDA:175,24,0,0
BRDA:176,25,0,0
BRDA:177,26,0,0
BRDA:194,27,0,0
BRDA:194,27,1,0
BRDA:196,28,0,0
BRDA:196,28,1,0
BRDA:197,29,0,0
BRDA:197,29,1,0
BRDA:205,30,0,0
BRDA:205,30,1,0
BRDA:226,31,0,1
BRDA:232,32,0,1
BRDA:232,32,1,1
BRDA:249,33,0,1
BRDA:286,34,0,1
BRDA:286,34,1,0
BRDA:302,35,0,1
BRDA:302,36,0,3
BRDA:302,36,1,3
BRDA:302,36,2,3
BRDA:313,37,0,1
BRDA:313,37,1,0
BRF:62
BRH:29
end_of_record
TN:
SF:src/middlewares/authentication_functions.ts
FN:5,getGoogleNumID
FN:21,verifyGoogleToken
FNF:2
FNH:2
FNDA:5,getGoogleNumID
FNDA:28,verifyGoogleToken
DA:1,13
DA:3,13
DA:5,13
DA:6,5
DA:8,5
DA:9,5
DA:11,5
DA:12,5
DA:14,5
DA:15,5
DA:17,5
DA:21,13
DA:22,28
DA:23,28
DA:24,28
DA:26,28
DA:27,1
DA:30,27
DA:31,5
DA:34,27
DA:35,27
DA:36,0
DA:38,0
DA:40,0
DA:43,0
DA:45,27
LF:26
LH:22
BRDA:9,0,0,0
BRDA:9,0,1,5
BRDA:9,1,0,5
BRDA:9,1,1,5
BRDA:17,2,0,4
BRDA:17,2,1,1
BRDA:22,3,0,0
BRDA:22,3,1,28
BRDA:22,4,0,28
BRDA:22,4,1,28
BRDA:23,5,0,28
BRDA:23,5,1,13
BRDA:24,6,0,28
BRDA:24,6,1,13
BRDA:26,7,0,1
BRDA:30,8,0,5
BRDA:38,9,0,0
BRF:17
BRH:14
end_of_record
TN:
SF:src/routes/AnalysisRoutes.ts
FNF:0
FNH:0
DA:1,13
DA:2,13
DA:4,13
DA:6,13
LF:4
LH:4
BRF:0
BRH:0
end_of_record
TN:
SF:src/routes/JournalRoutes.ts
FNF:0
FNH:0
DA:1,14
DA:2,14
DA:3,13
DA:5,13
DA:7,13
LF:5
LH:5
BRF:0
BRH:0
end_of_record
TN:
SF:src/routes/UserRoutes.ts
FNF:0
FNH:0
DA:1,13
DA:2,13
DA:4,13
DA:6,13
LF:4
LH:4
BRF:0
BRH:0
end_of_record
TN:
SF:src/utils/analysisFunctions.ts
FN:22,(anonymous_7)
FN:37,(anonymous_8)
FN:43,(anonymous_9)
FN:46,(anonymous_10)
FN:69,(anonymous_11)
FN:75,(anonymous_12)
FN:94,(anonymous_13)
FN:100,(anonymous_14)
FN:104,(anonymous_15)
FN:132,popMapFront
FN:140,pushMapBack
FN:149,getWeekSummary
FN:162,(anonymous_19)
FN:165,(anonymous_20)
FN:168,(anonymous_21)
FN:171,(anonymous_22)
FN:202,unpackPastWeekStats
FN:262,getRelType
FN:278,outputTrend
FN:295,createNewRelations
FN:393,deleteOldRelations
FN:455,enQueueNewTrends
FN:480,releaseOldRelationships
FN:503,markNewRelationships
FN:582,updateOngoingRelationships
FNF:25
FNH:24
FNDA:2,(anonymous_7)
FNDA:29,(anonymous_8)
FNDA:7,(anonymous_9)
FNDA:2,(anonymous_10)
FNDA:80,(anonymous_11)
FNDA:29,(anonymous_12)
FNDA:7,(anonymous_13)
FNDA:80,(anonymous_14)
FNDA:20,(anonymous_15)
FNDA:56,popMapFront
FNDA:28,pushMapBack
FNDA:2,getWeekSummary
FNDA:20,(anonymous_19)
FNDA:2,(anonymous_20)
FNDA:20,(anonymous_21)
FNDA:2,(anonymous_22)
FNDA:3,unpackPastWeekStats
FNDA:36,getRelType
FNDA:154,outputTrend
FNDA:14,createNewRelations
FNDA:14,deleteOldRelations
FNDA:14,enQueueNewTrends
FNDA:0,releaseOldRelationships
FNDA:14,markNewRelationships
FNDA:14,updateOngoingRelationships
DA:1,13
DA:2,13
DA:6,13
DA:7,13
DA:8,13
DA:9,13
DA:12,13
DA:19,13
DA:23,2
DA:24,2
DA:25,2
DA:26,2
DA:27,20
DA:38,29
DA:39,29
DA:44,7
DA:47,2
DA:48,2
DA:49,2
DA:50,20
DA:51,80
DA:52,80
DA:53,20
DA:54,20
DA:60,2
DA:64,13
DA:70,80
DA:71,80
DA:72,80
DA:76,29
DA:77,29
DA:78,29
DA:95,7
DA:96,7
DA:101,80
DA:105,20
DA:106,20
DA:107,20
DA:108,5
DA:109,5
DA:110,5
DA:111,5
DA:112,5
DA:114,15
DA:115,3
DA:116,3
DA:117,3
DA:118,3
DA:119,3
DA:122,12
DA:123,12
DA:127,8
DA:128,8
DA:133,56
DA:134,56
DA:135,308
DA:137,56
DA:141,28
DA:142,154
DA:143,0
DA:145,154
DA:149,13
DA:156,2
DA:157,2
DA:158,2
DA:159,2
DA:160,2
DA:162,2
DA:163,20
DA:165,2
DA:166,2
DA:168,2
DA:169,20
DA:171,2
DA:172,2
DA:174,2
DA:175,2
DA:176,2
DA:177,2
DA:180,2
DA:181,2
DA:182,14
DA:183,14
DA:184,14
DA:185,14
DA:186,14
DA:187,14
DA:188,14
DA:189,14
DA:190,14
DA:192,14
DA:193,14
DA:196,2
DA:197,2
DA:198,2
DA:202,13
DA:211,3
DA:212,2
DA:213,2
DA:216,3
DA:217,3
DA:218,3
DA:219,3
DA:220,21
DA:221,21
DA:222,21
DA:223,21
DA:224,21
DA:225,21
DA:226,7
DA:227,7
DA:229,7
DA:230,70
DA:233,14
DA:234,4
DA:235,2
DA:237,4
DA:238,40
DA:241,10
DA:242,10
DA:243,5
DA:244,5
DA:246,10
DA:247,100
DA:248,100
DA:250,10
DA:251,10
DA:252,10
DA:254,10
DA:257,3
DA:258,1
DA:260,2
DA:262,13
DA:263,36
DA:264,0
DA:266,36
DA:267,7
DA:268,29
DA:269,11
DA:270,18
DA:271,9
DA:273,9
DA:279,154
DA:281,154
DA:282,154
DA:283,90
DA:284,64
DA:285,8
DA:286,56
DA:287,9
DA:288,9
DA:290,47
DA:304,14
DA:306,14
DA:307,14
DA:308,14
DA:309,14
DA:310,14
DA:311,14
DA:313,14
DA:314,14
DA:315,14
DA:316,14
DA:317,14
DA:318,10
DA:319,20
DA:320,20
DA:321,3
DA:322,1
DA:323,2
DA:324,2
DA:329,4
DA:330,4
DA:331,3
DA:333,1
DA:334,1
DA:336,1
DA:338,4
DA:339,7
DA:340,7
DA:341,4
DA:342,2
DA:343,2
DA:344,1
DA:351,14
DA:352,140
DA:353,140
DA:354,140
DA:355,140
DA:356,127
DA:357,254
DA:358,254
DA:359,17
DA:360,6
DA:361,11
DA:362,10
DA:367,13
DA:368,13
DA:369,11
DA:371,2
DA:372,2
DA:374,2
DA:376,13
DA:377,24
DA:378,24
DA:379,7
DA:380,3
DA:381,4
DA:382,3
DA:388,14
DA:389,14
DA:390,14
DA:399,14
DA:400,14
DA:401,14
DA:402,14
DA:404,14
DA:405,14
DA:406,14
DA:407,14
DA:428,14
DA:429,140
DA:430,140
DA:431,140
DA:462,14
DA:463,140
DA:464,140
DA:465,140
DA:466,140
DA:468,14
DA:469,14
DA:470,14
DA:471,14
DA:472,14
DA:473,14
DA:474,14
DA:475,14
DA:513,14
DA:514,3
DA:515,9
DA:516,9
DA:517,9
DA:527,3
DA:528,1
DA:529,1
DA:530,1
DA:540,3
DA:541,7
DA:552,14
DA:553,11
DA:554,8
DA:555,8
DA:556,8
DA:566,11
DA:567,4
DA:568,4
DA:569,4
DA:590,14
DA:591,1
DA:592,4
DA:596,14
DA:597,2
DA:598,2
DA:602,14
DA:603,1
DA:604,1
LF:266
LH:264
BRDA:38,0,0,29
BRDA:38,1,0,0
BRDA:38,1,1,29
BRDA:38,2,0,29
BRDA:38,2,1,29
BRDA:38,3,0,0
BRDA:38,3,1,29
BRDA:38,4,0,29
BRDA:38,4,1,29
BRDA:44,5,0,0
BRDA:44,5,1,7
BRDA:44,6,0,7
BRDA:44,6,1,7
BRDA:52,7,0,20
BRDA:95,8,0,7
BRDA:95,9,0,7
BRDA:95,9,1,7
BRDA:107,10,0,5
BRDA:107,10,1,15
BRDA:114,11,0,3
BRDA:114,11,1,12
BRDA:142,12,0,0
BRDA:225,13,0,7
BRDA:225,13,1,14
BRDA:225,14,0,21
BRDA:225,14,1,11
BRDA:233,15,0,4
BRDA:233,15,1,10
BRDA:233,16,0,14
BRDA:233,16,1,4
BRDA:241,17,0,10
BRDA:244,18,0,5
BRDA:244,18,1,0
BRDA:250,19,0,10
BRDA:257,20,0,1
BRDA:263,21,0,0
BRDA:263,21,1,36
BRDA:263,22,0,36
BRDA:263,22,1,36
BRDA:266,23,0,7
BRDA:266,23,1,29
BRDA:266,24,0,36
BRDA:266,24,1,16
BRDA:268,25,0,11
BRDA:268,25,1,18
BRDA:268,26,0,29
BRDA:268,26,1,20
BRDA:270,27,0,9
BRDA:270,27,1,9
BRDA:270,28,0,18
BRDA:270,28,1,9
BRDA:279,29,0,0
BRDA:279,30,0,154
BRDA:279,30,1,154
BRDA:282,31,0,90
BRDA:282,31,1,64
BRDA:282,32,0,154
BRDA:282,32,1,154
BRDA:282,32,2,75
BRDA:282,32,3,75
BRDA:284,33,0,8
BRDA:284,33,1,56
BRDA:286,34,0,9
BRDA:286,34,1,47
BRDA:317,35,0,10
BRDA:317,35,1,4
BRDA:317,36,0,14
BRDA:317,36,1,4
BRDA:320,37,0,3
BRDA:320,38,0,20
BRDA:320,38,1,8
BRDA:321,39,0,1
BRDA:321,39,1,2
BRDA:321,40,0,3
BRDA:321,40,1,1
BRDA:323,41,0,2
BRDA:330,42,0,3
BRDA:330,42,1,1
BRDA:333,43,0,2
BRDA:333,43,1,2
BRDA:340,44,0,4
BRDA:340,45,0,7
BRDA:340,45,1,5
BRDA:341,46,0,2
BRDA:341,46,1,2
BRDA:343,47,0,1
BRDA:355,48,0,127
BRDA:355,48,1,13
BRDA:355,49,0,140
BRDA:355,49,1,13
BRDA:358,50,0,17
BRDA:358,51,0,254
BRDA:358,51,1,74
BRDA:359,52,0,6
BRDA:359,52,1,11
BRDA:359,53,0,17
BRDA:359,53,1,7
BRDA:361,54,0,10
BRDA:368,55,0,11
BRDA:368,55,1,2
BRDA:371,56,0,4
BRDA:371,56,1,4
BRDA:378,57,0,7
BRDA:378,58,0,24
BRDA:378,58,1,10
BRDA:379,59,0,3
BRDA:379,59,1,4
BRDA:381,60,0,3
BRDA:406,61,0,14
BRDA:430,62,0,140
BRDA:592,63,0,0
BRDA:592,63,1,4
BRDA:592,64,0,4
BRDA:592,64,1,4
BRDA:592,65,0,0
BRDA:592,65,1,4
BRDA:592,66,0,4
BRDA:592,66,1,4
BRDA:598,67,0,0
BRDA:598,67,1,2
BRDA:598,68,0,2
BRDA:598,68,1,2
BRDA:598,69,0,0
BRDA:598,69,1,2
BRDA:598,70,0,2
BRDA:598,70,1,2
BRDA:604,71,0,0
BRDA:604,71,1,1
BRDA:604,72,0,1
BRDA:604,72,1,1
BRDA:604,73,0,0
BRDA:604,73,1,1
BRDA:604,74,0,1
BRDA:604,74,1,1
BRF:134
BRH:121
end_of_record
TN:
SF:src/utils/crypto_functions.ts
FN:10,deriveKey
FN:36,encryptData
FN:56,decryptData
FN:58,(anonymous_14)
FNF:4
FNH:0
FNDA:0,deriveKey
FNDA:0,encryptData
FNDA:0,decryptData
FNDA:0,(anonymous_14)
DA:2,14
DA:3,14
DA:4,14
DA:6,14
DA:7,13
DA:10,14
DA:11,0
DA:12,0
DA:13,0
DA:21,0
DA:36,14
DA:37,0
DA:38,0
DA:40,0
DA:42,0
DA:48,0
DA:49,0
DA:50,0
DA:52,0
DA:56,14
DA:57,0
DA:58,0
DA:60,0
DA:61,0
DA:63,0
DA:69,0
LF:26
LH:8
BRF:0
BRH:0
end_of_record
